2023-05-26 01:22:32,159 [Worker-2: Loading available Gradle versions] INFO  o.e.b.c.i.u.g.PublishedGradleVersions - Gradle version information cache is up-to-date. Trying to read.
2023-05-26 01:22:55,194 [Worker-6: Loading available Gradle versions] INFO  o.e.b.c.i.u.g.PublishedGradleVersions - Gradle version information cache is up-to-date. Trying to read.
2023-05-26 01:23:23,581 [Worker-23: Importing Maven projects] INFO  o.e.m.c.i.l.LifecycleMappingFactory - Using org.eclipse.m2e.jdt.JarLifecycleMapping lifecycle mapping for MavenProject: com.siemens.spice:recipes-backend:1.0-SNAPSHOT @ D:\StuDying\Licenta\recipes-develop\recipes-backend\pom.xml.
2023-05-26 01:23:26,264 [Worker-23: Importing Maven projects] INFO  o.e.m.j.i.AbstractJavaProjectConfigurator - Adding source folder /recipes-backend/src/main/java
2023-05-26 01:23:26,266 [Worker-23: Importing Maven projects] INFO  o.e.m.j.i.AbstractJavaProjectConfigurator - Adding resource folder /recipes-backend/src/main/resources
2023-05-26 01:23:26,272 [Worker-23: Importing Maven projects] INFO  o.e.m.j.i.AbstractJavaProjectConfigurator - Adding source folder /recipes-backend/src/test/java
2023-05-26 01:23:26,483 [Worker-23: Importing Maven projects] INFO  o.e.m.c.i.p.ProjectConfigurationManager - Imported and configured 1 project(s) in 6 sec
2023-05-26 01:23:27,441 [Worker-26: Building] INFO  o.e.m.c.i.embedder.EclipseLogger - Using 'UTF-8' encoding to copy filtered resources.
2023-05-26 01:23:27,442 [Worker-26: Building] INFO  o.e.m.c.i.embedder.EclipseLogger - skip non existing resourceDirectory D:\StuDying\Licenta\recipes-develop\recipes-ui\dist\recipes-ui
2023-05-26 01:23:27,444 [Worker-26: Building] INFO  o.e.m.c.i.embedder.EclipseLogger - Using 'UTF-8' encoding to copy filtered resources.
2023-05-26 01:23:27,447 [Worker-26: Building] INFO  o.e.m.c.i.embedder.EclipseLogger - Copying 1 resource
2023-05-26 01:23:27,461 [Worker-26: Building] INFO  o.e.m.c.i.embedder.EclipseLogger - Using 'UTF-8' encoding to copy filtered resources.
2023-05-26 01:23:27,461 [Worker-26: Building] INFO  o.e.m.c.i.embedder.EclipseLogger - skip non existing resourceDirectory D:\StuDying\Licenta\recipes-develop\recipes-backend\src\test\resources
2023-05-26 01:24:10,857 [Worker-6: Building] INFO  o.e.m.c.i.embedder.EclipseLogger - Using 'UTF-8' encoding to copy filtered resources.
2023-05-26 01:24:10,857 [Worker-6: Building] INFO  o.e.m.c.i.embedder.EclipseLogger - skip non existing resourceDirectory D:\StuDying\Licenta\recipes-develop\recipes-ui\dist\recipes-ui
2023-05-26 01:24:10,858 [Worker-6: Building] INFO  o.e.m.c.i.embedder.EclipseLogger - Using 'UTF-8' encoding to copy filtered resources.
2023-05-26 01:24:10,858 [Worker-6: Building] INFO  o.e.m.c.i.embedder.EclipseLogger - Copying 0 resource
2023-05-26 01:24:10,859 [Worker-6: Building] INFO  o.e.m.c.i.embedder.EclipseLogger - Using 'UTF-8' encoding to copy filtered resources.
2023-05-26 01:24:10,860 [Worker-6: Building] INFO  o.e.m.c.i.embedder.EclipseLogger - skip non existing resourceDirectory D:\StuDying\Licenta\recipes-develop\recipes-backend\src\test\resources
2023-05-26 01:26:06,767 [Worker-14: Building] INFO  o.e.m.c.i.l.LifecycleMappingFactory - Using org.eclipse.m2e.jdt.JarLifecycleMapping lifecycle mapping for MavenProject: com.siemens.spice:recipes-backend:1.0-SNAPSHOT @ D:\StuDying\Licenta\recipes-develop\recipes-backend\pom.xml.
2023-05-26 01:26:07,046 [Worker-14: Building] INFO  o.e.m.c.i.embedder.EclipseLogger - Using 'UTF-8' encoding to copy filtered resources.
2023-05-26 01:26:07,046 [Worker-14: Building] INFO  o.e.m.c.i.embedder.EclipseLogger - skip non existing resourceDirectory D:\StuDying\Licenta\recipes-develop\recipes-ui\dist\recipes-ui
2023-05-26 01:26:07,048 [Worker-14: Building] INFO  o.e.m.c.i.embedder.EclipseLogger - Using 'UTF-8' encoding to copy filtered resources.
2023-05-26 01:26:07,049 [Worker-14: Building] INFO  o.e.m.c.i.embedder.EclipseLogger - Copying 0 resource
2023-05-26 01:26:07,050 [Worker-14: Building] INFO  o.e.m.c.i.embedder.EclipseLogger - Using 'UTF-8' encoding to copy filtered resources.
2023-05-26 01:26:07,051 [Worker-14: Building] INFO  o.e.m.c.i.embedder.EclipseLogger - skip non existing resourceDirectory D:\StuDying\Licenta\recipes-develop\recipes-backend\src\test\resources
2023-05-26 01:27:55,344 [Worker-0: Building] INFO  o.e.m.c.i.embedder.EclipseLogger - Using 'UTF-8' encoding to copy filtered resources.
2023-05-26 01:27:55,344 [Worker-0: Building] INFO  o.e.m.c.i.embedder.EclipseLogger - skip non existing resourceDirectory D:\StuDying\Licenta\recipes-develop\recipes-ui\dist\recipes-ui
2023-05-26 01:27:55,346 [Worker-0: Building] INFO  o.e.m.c.i.embedder.EclipseLogger - Using 'UTF-8' encoding to copy filtered resources.
2023-05-26 01:27:55,346 [Worker-0: Building] INFO  o.e.m.c.i.embedder.EclipseLogger - Copying 0 resource
2023-05-26 01:27:55,347 [Worker-0: Building] INFO  o.e.m.c.i.embedder.EclipseLogger - Using 'UTF-8' encoding to copy filtered resources.
2023-05-26 01:27:55,347 [Worker-0: Building] INFO  o.e.m.c.i.embedder.EclipseLogger - skip non existing resourceDirectory D:\StuDying\Licenta\recipes-develop\recipes-backend\src\test\resources
2023-05-26 01:27:58,068 [Worker-8: Building] INFO  o.e.m.c.i.embedder.EclipseLogger - Using 'UTF-8' encoding to copy filtered resources.
2023-05-26 01:27:58,068 [Worker-8: Building] INFO  o.e.m.c.i.embedder.EclipseLogger - skip non existing resourceDirectory D:\StuDying\Licenta\recipes-develop\recipes-ui\dist\recipes-ui
2023-05-26 01:27:58,069 [Worker-8: Building] INFO  o.e.m.c.i.embedder.EclipseLogger - Using 'UTF-8' encoding to copy filtered resources.
2023-05-26 01:27:58,070 [Worker-8: Building] INFO  o.e.m.c.i.embedder.EclipseLogger - Copying 1 resource
2023-05-26 01:27:58,079 [Worker-8: Building] INFO  o.e.m.c.i.embedder.EclipseLogger - Using 'UTF-8' encoding to copy filtered resources.
2023-05-26 01:27:58,079 [Worker-8: Building] INFO  o.e.m.c.i.embedder.EclipseLogger - skip non existing resourceDirectory D:\StuDying\Licenta\recipes-develop\recipes-backend\src\test\resources
2023-05-26 01:28:17,581 [Worker-29: Building] INFO  o.e.m.c.i.embedder.EclipseLogger - Using 'UTF-8' encoding to copy filtered resources.
2023-05-26 01:28:17,581 [Worker-29: Building] INFO  o.e.m.c.i.embedder.EclipseLogger - skip non existing resourceDirectory D:\StuDying\Licenta\recipes-develop\recipes-ui\dist\recipes-ui
2023-05-26 01:28:17,582 [Worker-29: Building] INFO  o.e.m.c.i.embedder.EclipseLogger - Using 'UTF-8' encoding to copy filtered resources.
2023-05-26 01:28:17,582 [Worker-29: Building] INFO  o.e.m.c.i.embedder.EclipseLogger - Copying 0 resource
2023-05-26 01:28:17,583 [Worker-29: Building] INFO  o.e.m.c.i.embedder.EclipseLogger - Using 'UTF-8' encoding to copy filtered resources.
2023-05-26 01:28:17,583 [Worker-29: Building] INFO  o.e.m.c.i.embedder.EclipseLogger - skip non existing resourceDirectory D:\StuDying\Licenta\recipes-develop\recipes-backend\src\test\resources
2023-05-26 01:33:28,691 [Worker-35: Building] INFO  o.e.m.c.i.embedder.EclipseLogger - Using 'UTF-8' encoding to copy filtered resources.
2023-05-26 01:33:28,691 [Worker-35: Building] INFO  o.e.m.c.i.embedder.EclipseLogger - skip non existing resourceDirectory D:\StuDying\Licenta\recipes-develop\recipes-ui\dist\recipes-ui
2023-05-26 01:33:28,693 [Worker-35: Building] INFO  o.e.m.c.i.embedder.EclipseLogger - Using 'UTF-8' encoding to copy filtered resources.
2023-05-26 01:33:28,693 [Worker-35: Building] INFO  o.e.m.c.i.embedder.EclipseLogger - Copying 1 resource
2023-05-26 01:33:28,696 [Worker-35: Building] INFO  o.e.m.c.i.embedder.EclipseLogger - Using 'UTF-8' encoding to copy filtered resources.
2023-05-26 01:33:28,696 [Worker-35: Building] INFO  o.e.m.c.i.embedder.EclipseLogger - skip non existing resourceDirectory D:\StuDying\Licenta\recipes-develop\recipes-backend\src\test\resources
2023-05-26 01:33:55,542 [Worker-39: Updating Maven Project] INFO  o.e.m.c.i.p.ProjectConfigurationManager - Update started
2023-05-26 01:33:56,074 [Worker-39: Updating Maven Project] INFO  o.e.m.c.i.l.LifecycleMappingFactory - Using org.eclipse.m2e.jdt.JarLifecycleMapping lifecycle mapping for MavenProject: com.siemens.spice:recipes-backend:1.0-SNAPSHOT @ D:\StuDying\Licenta\recipes-develop\recipes-backend\pom.xml.
2023-05-26 01:33:56,298 [Worker-39: Updating Maven Project] INFO  o.e.m.j.i.AbstractJavaProjectConfigurator - Adding source folder /recipes-backend/src/main/java
2023-05-26 01:33:56,298 [Worker-39: Updating Maven Project] INFO  o.e.m.j.i.AbstractJavaProjectConfigurator - Adding resource folder /recipes-backend/src/main/resources
2023-05-26 01:33:56,301 [Worker-39: Updating Maven Project] INFO  o.e.m.j.i.AbstractJavaProjectConfigurator - Adding source folder /recipes-backend/src/test/java
2023-05-26 01:33:56,460 [Worker-39: Updating Maven Project] INFO  o.e.m.c.i.p.ProjectConfigurationManager - Update completed: 0 sec
2023-05-26 01:33:56,894 [Worker-36: Building] INFO  o.e.m.c.i.embedder.EclipseLogger - Using 'UTF-8' encoding to copy filtered resources.
2023-05-26 01:33:56,894 [Worker-36: Building] INFO  o.e.m.c.i.embedder.EclipseLogger - skip non existing resourceDirectory D:\StuDying\Licenta\recipes-develop\recipes-ui\dist\recipes-ui
2023-05-26 01:33:56,896 [Worker-36: Building] INFO  o.e.m.c.i.embedder.EclipseLogger - Using 'UTF-8' encoding to copy filtered resources.
2023-05-26 01:33:56,897 [Worker-36: Building] INFO  o.e.m.c.i.embedder.EclipseLogger - Copying 1 resource
2023-05-26 01:33:56,907 [Worker-36: Building] INFO  o.e.m.c.i.embedder.EclipseLogger - Using 'UTF-8' encoding to copy filtered resources.
2023-05-26 01:33:56,907 [Worker-36: Building] INFO  o.e.m.c.i.embedder.EclipseLogger - skip non existing resourceDirectory D:\StuDying\Licenta\recipes-develop\recipes-backend\src\test\resources
2023-05-26 01:34:12,850 [Worker-39: Building] INFO  o.e.m.c.i.embedder.EclipseLogger - Using 'UTF-8' encoding to copy filtered resources.
2023-05-26 01:34:12,850 [Worker-39: Building] INFO  o.e.m.c.i.embedder.EclipseLogger - skip non existing resourceDirectory D:\StuDying\Licenta\recipes-develop\recipes-ui\dist\recipes-ui
2023-05-26 01:34:12,851 [Worker-39: Building] INFO  o.e.m.c.i.embedder.EclipseLogger - Using 'UTF-8' encoding to copy filtered resources.
2023-05-26 01:34:12,852 [Worker-39: Building] INFO  o.e.m.c.i.embedder.EclipseLogger - Copying 1 resource
2023-05-26 01:34:12,854 [Worker-39: Building] INFO  o.e.m.c.i.embedder.EclipseLogger - Using 'UTF-8' encoding to copy filtered resources.
2023-05-26 01:34:12,854 [Worker-39: Building] INFO  o.e.m.c.i.embedder.EclipseLogger - skip non existing resourceDirectory D:\StuDying\Licenta\recipes-develop\recipes-backend\src\test\resources
2023-05-26 01:35:13,876 [Worker-29: Building] INFO  o.e.m.c.i.embedder.EclipseLogger - Using 'UTF-8' encoding to copy filtered resources.
2023-05-26 01:35:13,877 [Worker-29: Building] INFO  o.e.m.c.i.embedder.EclipseLogger - skip non existing resourceDirectory D:\StuDying\Licenta\recipes-develop\recipes-ui\dist\recipes-ui
2023-05-26 01:35:13,877 [Worker-29: Building] INFO  o.e.m.c.i.embedder.EclipseLogger - Using 'UTF-8' encoding to copy filtered resources.
2023-05-26 01:35:13,878 [Worker-29: Building] INFO  o.e.m.c.i.embedder.EclipseLogger - Copying 1 resource
2023-05-26 01:35:13,880 [Worker-29: Building] INFO  o.e.m.c.i.embedder.EclipseLogger - Using 'UTF-8' encoding to copy filtered resources.
2023-05-26 01:35:13,880 [Worker-29: Building] INFO  o.e.m.c.i.embedder.EclipseLogger - skip non existing resourceDirectory D:\StuDying\Licenta\recipes-develop\recipes-backend\src\test\resources
2023-05-26 01:35:59,784 [Worker-35: Building] INFO  o.e.m.c.i.embedder.EclipseLogger - Using 'UTF-8' encoding to copy filtered resources.
2023-05-26 01:35:59,784 [Worker-35: Building] INFO  o.e.m.c.i.embedder.EclipseLogger - skip non existing resourceDirectory D:\StuDying\Licenta\recipes-develop\recipes-ui\dist\recipes-ui
2023-05-26 01:35:59,785 [Worker-35: Building] INFO  o.e.m.c.i.embedder.EclipseLogger - Using 'UTF-8' encoding to copy filtered resources.
2023-05-26 01:35:59,785 [Worker-35: Building] INFO  o.e.m.c.i.embedder.EclipseLogger - Copying 1 resource
2023-05-26 01:35:59,787 [Worker-35: Building] INFO  o.e.m.c.i.embedder.EclipseLogger - Using 'UTF-8' encoding to copy filtered resources.
2023-05-26 01:35:59,787 [Worker-35: Building] INFO  o.e.m.c.i.embedder.EclipseLogger - skip non existing resourceDirectory D:\StuDying\Licenta\recipes-develop\recipes-backend\src\test\resources
2023-05-26 01:36:33,082 [Worker-37: Building] INFO  o.e.m.c.i.embedder.EclipseLogger - Using 'UTF-8' encoding to copy filtered resources.
2023-05-26 01:36:33,082 [Worker-37: Building] INFO  o.e.m.c.i.embedder.EclipseLogger - skip non existing resourceDirectory D:\StuDying\Licenta\recipes-develop\recipes-ui\dist\recipes-ui
2023-05-26 01:36:33,084 [Worker-37: Building] INFO  o.e.m.c.i.embedder.EclipseLogger - Using 'UTF-8' encoding to copy filtered resources.
2023-05-26 01:36:33,084 [Worker-37: Building] INFO  o.e.m.c.i.embedder.EclipseLogger - Copying 1 resource
2023-05-26 01:36:33,086 [Worker-37: Building] INFO  o.e.m.c.i.embedder.EclipseLogger - Using 'UTF-8' encoding to copy filtered resources.
2023-05-26 01:36:33,087 [Worker-37: Building] INFO  o.e.m.c.i.embedder.EclipseLogger - skip non existing resourceDirectory D:\StuDying\Licenta\recipes-develop\recipes-backend\src\test\resources
2023-05-26 01:36:35,768 [Worker-39: Building] INFO  o.e.m.c.i.embedder.EclipseLogger - Using 'UTF-8' encoding to copy filtered resources.
2023-05-26 01:36:35,768 [Worker-39: Building] INFO  o.e.m.c.i.embedder.EclipseLogger - skip non existing resourceDirectory D:\StuDying\Licenta\recipes-develop\recipes-ui\dist\recipes-ui
2023-05-26 01:36:35,769 [Worker-39: Building] INFO  o.e.m.c.i.embedder.EclipseLogger - Using 'UTF-8' encoding to copy filtered resources.
2023-05-26 01:36:35,769 [Worker-39: Building] INFO  o.e.m.c.i.embedder.EclipseLogger - Copying 0 resource
2023-05-26 01:36:35,769 [Worker-39: Building] INFO  o.e.m.c.i.embedder.EclipseLogger - Using 'UTF-8' encoding to copy filtered resources.
2023-05-26 01:36:35,770 [Worker-39: Building] INFO  o.e.m.c.i.embedder.EclipseLogger - skip non existing resourceDirectory D:\StuDying\Licenta\recipes-develop\recipes-backend\src\test\resources
2023-05-26 01:37:41,428 [Worker-30: Building] INFO  o.e.m.c.i.embedder.EclipseLogger - Using 'UTF-8' encoding to copy filtered resources.
2023-05-26 01:37:41,428 [Worker-30: Building] INFO  o.e.m.c.i.embedder.EclipseLogger - skip non existing resourceDirectory D:\StuDying\Licenta\recipes-develop\recipes-ui\dist\recipes-ui
2023-05-26 01:37:41,429 [Worker-30: Building] INFO  o.e.m.c.i.embedder.EclipseLogger - Using 'UTF-8' encoding to copy filtered resources.
2023-05-26 01:37:41,429 [Worker-30: Building] INFO  o.e.m.c.i.embedder.EclipseLogger - Copying 0 resource
2023-05-26 01:37:41,430 [Worker-30: Building] INFO  o.e.m.c.i.embedder.EclipseLogger - Using 'UTF-8' encoding to copy filtered resources.
2023-05-26 01:37:41,430 [Worker-30: Building] INFO  o.e.m.c.i.embedder.EclipseLogger - skip non existing resourceDirectory D:\StuDying\Licenta\recipes-develop\recipes-backend\src\test\resources
2023-05-26 01:37:51,946 [Worker-42: Building] INFO  o.e.m.c.i.embedder.EclipseLogger - Using 'UTF-8' encoding to copy filtered resources.
2023-05-26 01:37:51,946 [Worker-42: Building] INFO  o.e.m.c.i.embedder.EclipseLogger - skip non existing resourceDirectory D:\StuDying\Licenta\recipes-develop\recipes-ui\dist\recipes-ui
2023-05-26 01:37:51,947 [Worker-42: Building] INFO  o.e.m.c.i.embedder.EclipseLogger - Using 'UTF-8' encoding to copy filtered resources.
2023-05-26 01:37:51,947 [Worker-42: Building] INFO  o.e.m.c.i.embedder.EclipseLogger - Copying 1 resource
2023-05-26 01:37:51,949 [Worker-42: Building] INFO  o.e.m.c.i.embedder.EclipseLogger - Using 'UTF-8' encoding to copy filtered resources.
2023-05-26 01:37:51,949 [Worker-42: Building] INFO  o.e.m.c.i.embedder.EclipseLogger - skip non existing resourceDirectory D:\StuDying\Licenta\recipes-develop\recipes-backend\src\test\resources
2023-05-26 01:38:05,890 [Worker-42: Updating Maven Project] INFO  o.e.m.c.i.p.ProjectConfigurationManager - Update started
2023-05-26 01:38:06,297 [Worker-42: Updating Maven Project] INFO  o.e.m.c.i.l.LifecycleMappingFactory - Using org.eclipse.m2e.jdt.JarLifecycleMapping lifecycle mapping for MavenProject: com.siemens.spice:recipes-backend:1.0-SNAPSHOT @ D:\StuDying\Licenta\recipes-develop\recipes-backend\pom.xml.
2023-05-26 01:38:06,577 [Worker-42: Updating Maven Project] INFO  o.e.m.j.i.AbstractJavaProjectConfigurator - Adding source folder /recipes-backend/src/main/java
2023-05-26 01:38:06,578 [Worker-42: Updating Maven Project] INFO  o.e.m.j.i.AbstractJavaProjectConfigurator - Adding resource folder /recipes-backend/src/main/resources
2023-05-26 01:38:06,578 [Worker-42: Updating Maven Project] INFO  o.e.m.j.i.AbstractJavaProjectConfigurator - Adding source folder /recipes-backend/src/test/java
2023-05-26 01:38:06,746 [Worker-42: Updating Maven Project] INFO  o.e.m.c.i.p.ProjectConfigurationManager - Update completed: 0 sec
2023-05-26 01:38:07,116 [Worker-40: Building] INFO  o.e.m.c.i.embedder.EclipseLogger - Using 'UTF-8' encoding to copy filtered resources.
2023-05-26 01:38:07,116 [Worker-40: Building] INFO  o.e.m.c.i.embedder.EclipseLogger - skip non existing resourceDirectory D:\StuDying\Licenta\recipes-develop\recipes-ui\dist\recipes-ui
2023-05-26 01:38:07,118 [Worker-40: Building] INFO  o.e.m.c.i.embedder.EclipseLogger - Using 'UTF-8' encoding to copy filtered resources.
2023-05-26 01:38:07,118 [Worker-40: Building] INFO  o.e.m.c.i.embedder.EclipseLogger - Copying 1 resource
2023-05-26 01:38:07,129 [Worker-40: Building] INFO  o.e.m.c.i.embedder.EclipseLogger - Using 'UTF-8' encoding to copy filtered resources.
2023-05-26 01:38:07,129 [Worker-40: Building] INFO  o.e.m.c.i.embedder.EclipseLogger - skip non existing resourceDirectory D:\StuDying\Licenta\recipes-develop\recipes-backend\src\test\resources
2023-05-26 01:41:47,256 [Worker-37: Building] INFO  o.e.m.c.i.embedder.EclipseLogger - Using 'UTF-8' encoding to copy filtered resources.
2023-05-26 01:41:47,256 [Worker-37: Building] INFO  o.e.m.c.i.embedder.EclipseLogger - skip non existing resourceDirectory D:\StuDying\Licenta\recipes-develop\recipes-ui\dist\recipes-ui
2023-05-26 01:41:47,257 [Worker-37: Building] INFO  o.e.m.c.i.embedder.EclipseLogger - Using 'UTF-8' encoding to copy filtered resources.
2023-05-26 01:41:47,258 [Worker-37: Building] INFO  o.e.m.c.i.embedder.EclipseLogger - Copying 1 resource
2023-05-26 01:41:47,260 [Worker-37: Building] INFO  o.e.m.c.i.embedder.EclipseLogger - Using 'UTF-8' encoding to copy filtered resources.
2023-05-26 01:41:47,260 [Worker-37: Building] INFO  o.e.m.c.i.embedder.EclipseLogger - skip non existing resourceDirectory D:\StuDying\Licenta\recipes-develop\recipes-backend\src\test\resources
2023-05-26 02:24:37,965 [Worker-47: Building] INFO  o.e.m.c.i.embedder.EclipseLogger - Using 'UTF-8' encoding to copy filtered resources.
2023-05-26 02:24:37,965 [Worker-47: Building] INFO  o.e.m.c.i.embedder.EclipseLogger - skip non existing resourceDirectory D:\StuDying\Licenta\recipes-develop\recipes-ui\dist\recipes-ui
2023-05-26 02:24:37,966 [Worker-47: Building] INFO  o.e.m.c.i.embedder.EclipseLogger - Using 'UTF-8' encoding to copy filtered resources.
2023-05-26 02:24:37,967 [Worker-47: Building] INFO  o.e.m.c.i.embedder.EclipseLogger - Copying 1 resource
2023-05-26 02:24:37,970 [Worker-47: Building] INFO  o.e.m.c.i.embedder.EclipseLogger - Using 'UTF-8' encoding to copy filtered resources.
2023-05-26 02:24:37,970 [Worker-47: Building] INFO  o.e.m.c.i.embedder.EclipseLogger - skip non existing resourceDirectory D:\StuDying\Licenta\recipes-develop\recipes-backend\src\test\resources
2023-05-26 02:25:02,678 [Worker-49: Building] INFO  o.e.m.c.i.embedder.EclipseLogger - Using 'UTF-8' encoding to copy filtered resources.
2023-05-26 02:25:02,678 [Worker-49: Building] INFO  o.e.m.c.i.embedder.EclipseLogger - skip non existing resourceDirectory D:\StuDying\Licenta\recipes-develop\recipes-ui\dist\recipes-ui
2023-05-26 02:25:02,680 [Worker-49: Building] INFO  o.e.m.c.i.embedder.EclipseLogger - Using 'UTF-8' encoding to copy filtered resources.
2023-05-26 02:25:02,680 [Worker-49: Building] INFO  o.e.m.c.i.embedder.EclipseLogger - Copying 1 resource
2023-05-26 02:25:02,683 [Worker-49: Building] INFO  o.e.m.c.i.embedder.EclipseLogger - Using 'UTF-8' encoding to copy filtered resources.
2023-05-26 02:25:02,683 [Worker-49: Building] INFO  o.e.m.c.i.embedder.EclipseLogger - skip non existing resourceDirectory D:\StuDying\Licenta\recipes-develop\recipes-backend\src\test\resources
2023-05-26 02:27:36,795 [Worker-51: Building] INFO  o.e.m.c.i.embedder.EclipseLogger - Using 'UTF-8' encoding to copy filtered resources.
2023-05-26 02:27:36,795 [Worker-51: Building] INFO  o.e.m.c.i.embedder.EclipseLogger - skip non existing resourceDirectory D:\StuDying\Licenta\recipes-develop\recipes-ui\dist\recipes-ui
2023-05-26 02:27:36,796 [Worker-51: Building] INFO  o.e.m.c.i.embedder.EclipseLogger - Using 'UTF-8' encoding to copy filtered resources.
2023-05-26 02:27:36,796 [Worker-51: Building] INFO  o.e.m.c.i.embedder.EclipseLogger - Copying 1 resource
2023-05-26 02:27:36,798 [Worker-51: Building] INFO  o.e.m.c.i.embedder.EclipseLogger - Using 'UTF-8' encoding to copy filtered resources.
2023-05-26 02:27:36,798 [Worker-51: Building] INFO  o.e.m.c.i.embedder.EclipseLogger - skip non existing resourceDirectory D:\StuDying\Licenta\recipes-develop\recipes-backend\src\test\resources
2023-05-26 02:57:03,267 [Worker-59: Updating Maven Project] INFO  o.e.m.c.i.p.ProjectConfigurationManager - Update started
2023-05-26 02:57:03,716 [Worker-59: Updating Maven Project] INFO  o.e.m.c.i.l.LifecycleMappingFactory - Using org.eclipse.m2e.jdt.JarLifecycleMapping lifecycle mapping for MavenProject: com.siemens.spice:recipes-backend:1.0-SNAPSHOT @ D:\StuDying\Licenta\recipes-develop\recipes-backend\pom.xml.
2023-05-26 02:57:04,020 [Worker-59: Updating Maven Project] INFO  o.e.m.j.i.AbstractJavaProjectConfigurator - Adding source folder /recipes-backend/src/main/java
2023-05-26 02:57:04,020 [Worker-59: Updating Maven Project] INFO  o.e.m.j.i.AbstractJavaProjectConfigurator - Adding resource folder /recipes-backend/src/main/resources
2023-05-26 02:57:04,020 [Worker-59: Updating Maven Project] INFO  o.e.m.j.i.AbstractJavaProjectConfigurator - Adding source folder /recipes-backend/src/test/java
2023-05-26 02:57:04,165 [Worker-59: Updating Maven Project] INFO  o.e.m.c.i.p.ProjectConfigurationManager - Update completed: 0 sec
2023-05-26 02:57:04,558 [Worker-59: Building] INFO  o.e.m.c.i.embedder.EclipseLogger - Using 'UTF-8' encoding to copy filtered resources.
2023-05-26 02:57:04,558 [Worker-59: Building] INFO  o.e.m.c.i.embedder.EclipseLogger - skip non existing resourceDirectory D:\StuDying\Licenta\recipes-develop\recipes-ui\dist\recipes-ui
2023-05-26 02:57:04,560 [Worker-59: Building] INFO  o.e.m.c.i.embedder.EclipseLogger - Using 'UTF-8' encoding to copy filtered resources.
2023-05-26 02:57:04,560 [Worker-59: Building] INFO  o.e.m.c.i.embedder.EclipseLogger - Copying 1 resource
2023-05-26 02:57:04,570 [Worker-59: Building] INFO  o.e.m.c.i.embedder.EclipseLogger - Using 'UTF-8' encoding to copy filtered resources.
2023-05-26 02:57:04,571 [Worker-59: Building] INFO  o.e.m.c.i.embedder.EclipseLogger - skip non existing resourceDirectory D:\StuDying\Licenta\recipes-develop\recipes-backend\src\test\resources
2023-05-26 10:58:29,943 [Worker-90: Building] INFO  o.e.m.c.i.l.LifecycleMappingFactory - Using org.eclipse.m2e.jdt.JarLifecycleMapping lifecycle mapping for MavenProject: com.siemens.spice:recipes-backend:1.0-SNAPSHOT @ D:\StuDying\Licenta\recipes-develop\recipes-backend\pom.xml.
2023-05-26 10:58:30,174 [Worker-90: Building] INFO  o.e.m.c.i.embedder.EclipseLogger - Using 'UTF-8' encoding to copy filtered resources.
2023-05-26 10:58:30,175 [Worker-90: Building] INFO  o.e.m.c.i.embedder.EclipseLogger - skip non existing resourceDirectory D:\StuDying\Licenta\recipes-develop\recipes-ui\dist\recipes-ui
2023-05-26 10:58:30,176 [Worker-90: Building] INFO  o.e.m.c.i.embedder.EclipseLogger - Using 'UTF-8' encoding to copy filtered resources.
2023-05-26 10:58:30,178 [Worker-90: Building] INFO  o.e.m.c.i.embedder.EclipseLogger - Copying 0 resource
2023-05-26 10:58:30,179 [Worker-90: Building] INFO  o.e.m.c.i.embedder.EclipseLogger - Using 'UTF-8' encoding to copy filtered resources.
2023-05-26 10:58:30,179 [Worker-90: Building] INFO  o.e.m.c.i.embedder.EclipseLogger - skip non existing resourceDirectory D:\StuDying\Licenta\recipes-develop\recipes-backend\src\test\resources
2023-05-26 14:46:36,814 [Worker-0: Loading available Gradle versions] INFO  o.e.b.c.i.u.g.PublishedGradleVersions - Gradle version information cache is up-to-date. Trying to read.
2023-05-26 14:46:42,539 [Worker-9: Building] INFO  o.e.m.c.i.embedder.EclipseLogger - Using 'UTF-8' encoding to copy filtered resources.
2023-05-26 14:46:42,540 [Worker-9: Building] INFO  o.e.m.c.i.embedder.EclipseLogger - skip non existing resourceDirectory D:\StuDying\Licenta\recipes-develop\recipes-ui\dist\recipes-ui
2023-05-26 14:46:42,542 [Worker-9: Building] INFO  o.e.m.c.i.embedder.EclipseLogger - Using 'UTF-8' encoding to copy filtered resources.
2023-05-26 14:46:42,545 [Worker-9: Building] INFO  o.e.m.c.i.embedder.EclipseLogger - Copying 1 resource
2023-05-26 14:46:42,556 [Worker-9: Building] INFO  o.e.m.c.i.embedder.EclipseLogger - Using 'UTF-8' encoding to copy filtered resources.
2023-05-26 14:46:42,556 [Worker-9: Building] INFO  o.e.m.c.i.embedder.EclipseLogger - skip non existing resourceDirectory D:\StuDying\Licenta\recipes-develop\recipes-backend\src\test\resources
2023-05-27 18:47:50,270 [Worker-2: Loading available Gradle versions] INFO  o.e.b.c.i.u.g.PublishedGradleVersions - Gradle version information cache is out-of-date. Trying to update.
2023-05-28 09:59:27,470 [Worker-4: Loading available Gradle versions] INFO  o.e.b.c.i.u.g.PublishedGradleVersions - Gradle version information cache is up-to-date. Trying to read.
2023-05-28 10:25:24,630 [Worker-45: Building] INFO  o.e.m.c.i.embedder.EclipseLogger - Using 'UTF-8' encoding to copy filtered resources.
2023-05-28 10:25:24,631 [Worker-45: Building] INFO  o.e.m.c.i.embedder.EclipseLogger - skip non existing resourceDirectory D:\StuDying\Licenta\recipes-develop\recipes-ui\dist\recipes-ui
2023-05-28 10:25:24,634 [Worker-45: Building] INFO  o.e.m.c.i.embedder.EclipseLogger - Using 'UTF-8' encoding to copy filtered resources.
2023-05-28 10:25:24,636 [Worker-45: Building] INFO  o.e.m.c.i.embedder.EclipseLogger - Copying 1 resource
2023-05-28 10:25:24,649 [Worker-45: Building] INFO  o.e.m.c.i.embedder.EclipseLogger - Using 'UTF-8' encoding to copy filtered resources.
2023-05-28 10:25:24,649 [Worker-45: Building] INFO  o.e.m.c.i.embedder.EclipseLogger - skip non existing resourceDirectory D:\StuDying\Licenta\recipes-develop\recipes-backend\src\test\resources
2023-05-28 10:25:27,763 [Worker-46: Building] INFO  o.e.m.c.i.embedder.EclipseLogger - Using 'UTF-8' encoding to copy filtered resources.
2023-05-28 10:25:27,764 [Worker-46: Building] INFO  o.e.m.c.i.embedder.EclipseLogger - skip non existing resourceDirectory D:\StuDying\Licenta\recipes-develop\recipes-ui\dist\recipes-ui
2023-05-28 10:25:27,765 [Worker-46: Building] INFO  o.e.m.c.i.embedder.EclipseLogger - Using 'UTF-8' encoding to copy filtered resources.
2023-05-28 10:25:27,767 [Worker-46: Building] INFO  o.e.m.c.i.embedder.EclipseLogger - Copying 1 resource
2023-05-28 10:25:27,769 [Worker-46: Building] INFO  o.e.m.c.i.embedder.EclipseLogger - Using 'UTF-8' encoding to copy filtered resources.
2023-05-28 10:25:27,769 [Worker-46: Building] INFO  o.e.m.c.i.embedder.EclipseLogger - skip non existing resourceDirectory D:\StuDying\Licenta\recipes-develop\recipes-backend\src\test\resources
2023-05-28 10:28:15,894 [Worker-39: Building] INFO  o.e.m.c.i.embedder.EclipseLogger - Using 'UTF-8' encoding to copy filtered resources.
2023-05-28 10:28:15,895 [Worker-39: Building] INFO  o.e.m.c.i.embedder.EclipseLogger - skip non existing resourceDirectory D:\StuDying\Licenta\recipes-develop\recipes-ui\dist\recipes-ui
2023-05-28 10:28:15,896 [Worker-39: Building] INFO  o.e.m.c.i.embedder.EclipseLogger - Using 'UTF-8' encoding to copy filtered resources.
2023-05-28 10:28:15,897 [Worker-39: Building] INFO  o.e.m.c.i.embedder.EclipseLogger - Copying 1 resource
2023-05-28 10:28:15,899 [Worker-39: Building] INFO  o.e.m.c.i.embedder.EclipseLogger - Using 'UTF-8' encoding to copy filtered resources.
2023-05-28 10:28:15,900 [Worker-39: Building] INFO  o.e.m.c.i.embedder.EclipseLogger - skip non existing resourceDirectory D:\StuDying\Licenta\recipes-develop\recipes-backend\src\test\resources
2023-05-28 10:35:31,276 [Worker-48: Building] INFO  o.e.m.c.i.embedder.EclipseLogger - Using 'UTF-8' encoding to copy filtered resources.
2023-05-28 10:35:31,276 [Worker-48: Building] INFO  o.e.m.c.i.embedder.EclipseLogger - skip non existing resourceDirectory D:\StuDying\Licenta\recipes-develop\recipes-ui\dist\recipes-ui
2023-05-28 10:35:31,278 [Worker-48: Building] INFO  o.e.m.c.i.embedder.EclipseLogger - Using 'UTF-8' encoding to copy filtered resources.
2023-05-28 10:35:31,279 [Worker-48: Building] INFO  o.e.m.c.i.embedder.EclipseLogger - Copying 1 resource
2023-05-28 10:35:31,281 [Worker-48: Building] INFO  o.e.m.c.i.embedder.EclipseLogger - Using 'UTF-8' encoding to copy filtered resources.
2023-05-28 10:35:31,281 [Worker-48: Building] INFO  o.e.m.c.i.embedder.EclipseLogger - skip non existing resourceDirectory D:\StuDying\Licenta\recipes-develop\recipes-backend\src\test\resources
2023-05-28 10:35:32,295 [Worker-46: Building] INFO  o.e.m.c.i.embedder.EclipseLogger - Using 'UTF-8' encoding to copy filtered resources.
2023-05-28 10:35:32,295 [Worker-46: Building] INFO  o.e.m.c.i.embedder.EclipseLogger - skip non existing resourceDirectory D:\StuDying\Licenta\recipes-develop\recipes-ui\dist\recipes-ui
2023-05-28 10:35:32,296 [Worker-46: Building] INFO  o.e.m.c.i.embedder.EclipseLogger - Using 'UTF-8' encoding to copy filtered resources.
2023-05-28 10:35:32,296 [Worker-46: Building] INFO  o.e.m.c.i.embedder.EclipseLogger - Copying 1 resource
2023-05-28 10:35:32,298 [Worker-46: Building] INFO  o.e.m.c.i.embedder.EclipseLogger - Using 'UTF-8' encoding to copy filtered resources.
2023-05-28 10:35:32,298 [Worker-46: Building] INFO  o.e.m.c.i.embedder.EclipseLogger - skip non existing resourceDirectory D:\StuDying\Licenta\recipes-develop\recipes-backend\src\test\resources
2023-05-28 11:30:21,600 [Worker-54: Building] INFO  o.e.m.c.i.embedder.EclipseLogger - Using 'UTF-8' encoding to copy filtered resources.
2023-05-28 11:30:21,600 [Worker-54: Building] INFO  o.e.m.c.i.embedder.EclipseLogger - skip non existing resourceDirectory D:\StuDying\Licenta\recipes-develop\recipes-ui\dist\recipes-ui
2023-05-28 11:30:21,602 [Worker-54: Building] INFO  o.e.m.c.i.embedder.EclipseLogger - Using 'UTF-8' encoding to copy filtered resources.
2023-05-28 11:30:21,602 [Worker-54: Building] INFO  o.e.m.c.i.embedder.EclipseLogger - Copying 1 resource
2023-05-28 11:30:21,605 [Worker-54: Building] INFO  o.e.m.c.i.embedder.EclipseLogger - Using 'UTF-8' encoding to copy filtered resources.
2023-05-28 11:30:21,606 [Worker-54: Building] INFO  o.e.m.c.i.embedder.EclipseLogger - skip non existing resourceDirectory D:\StuDying\Licenta\recipes-develop\recipes-backend\src\test\resources
2023-05-28 12:06:02,906 [Worker-3: Loading available Gradle versions] INFO  o.e.b.c.i.u.g.PublishedGradleVersions - Gradle version information cache is up-to-date. Trying to read.
2023-05-30 10:25:32,845 [Worker-4: Loading available Gradle versions] INFO  o.e.b.c.i.u.g.PublishedGradleVersions - Gradle version information cache is out-of-date. Trying to update.
2023-05-30 10:30:40,767 [Worker-7: Building] INFO  o.e.m.c.i.embedder.EclipseLogger - Using 'UTF-8' encoding to copy filtered resources.
2023-05-30 10:30:40,768 [Worker-7: Building] INFO  o.e.m.c.i.embedder.EclipseLogger - skip non existing resourceDirectory D:\StuDying\Licenta\recipes-develop\recipes-ui\dist\recipes-ui
2023-05-30 10:30:40,770 [Worker-7: Building] INFO  o.e.m.c.i.embedder.EclipseLogger - Using 'UTF-8' encoding to copy filtered resources.
2023-05-30 10:30:40,773 [Worker-7: Building] INFO  o.e.m.c.i.embedder.EclipseLogger - Copying 1 resource
2023-05-30 10:30:40,785 [Worker-7: Building] INFO  o.e.m.c.i.embedder.EclipseLogger - Using 'UTF-8' encoding to copy filtered resources.
2023-05-30 10:30:40,785 [Worker-7: Building] INFO  o.e.m.c.i.embedder.EclipseLogger - skip non existing resourceDirectory D:\StuDying\Licenta\recipes-develop\recipes-backend\src\test\resources
2023-05-30 10:31:03,648 [Worker-31: Building] INFO  o.e.m.c.i.embedder.EclipseLogger - Using 'UTF-8' encoding to copy filtered resources.
2023-05-30 10:31:03,648 [Worker-31: Building] INFO  o.e.m.c.i.embedder.EclipseLogger - skip non existing resourceDirectory D:\StuDying\Licenta\recipes-develop\recipes-ui\dist\recipes-ui
2023-05-30 10:31:03,650 [Worker-31: Building] INFO  o.e.m.c.i.embedder.EclipseLogger - Using 'UTF-8' encoding to copy filtered resources.
2023-05-30 10:31:03,651 [Worker-31: Building] INFO  o.e.m.c.i.embedder.EclipseLogger - Copying 1 resource
2023-05-30 10:31:03,654 [Worker-31: Building] INFO  o.e.m.c.i.embedder.EclipseLogger - Using 'UTF-8' encoding to copy filtered resources.
2023-05-30 10:31:03,654 [Worker-31: Building] INFO  o.e.m.c.i.embedder.EclipseLogger - skip non existing resourceDirectory D:\StuDying\Licenta\recipes-develop\recipes-backend\src\test\resources
2023-05-30 10:31:45,517 [Worker-18: Building] INFO  o.e.m.c.i.embedder.EclipseLogger - Using 'UTF-8' encoding to copy filtered resources.
2023-05-30 10:31:45,517 [Worker-18: Building] INFO  o.e.m.c.i.embedder.EclipseLogger - skip non existing resourceDirectory D:\StuDying\Licenta\recipes-develop\recipes-ui\dist\recipes-ui
2023-05-30 10:31:45,519 [Worker-18: Building] INFO  o.e.m.c.i.embedder.EclipseLogger - Using 'UTF-8' encoding to copy filtered resources.
2023-05-30 10:31:45,519 [Worker-18: Building] INFO  o.e.m.c.i.embedder.EclipseLogger - Copying 1 resource
2023-05-30 10:31:45,521 [Worker-18: Building] INFO  o.e.m.c.i.embedder.EclipseLogger - Using 'UTF-8' encoding to copy filtered resources.
2023-05-30 10:31:45,521 [Worker-18: Building] INFO  o.e.m.c.i.embedder.EclipseLogger - skip non existing resourceDirectory D:\StuDying\Licenta\recipes-develop\recipes-backend\src\test\resources
2023-05-30 10:34:07,604 [Worker-34: Building] INFO  o.e.m.c.i.embedder.EclipseLogger - Using 'UTF-8' encoding to copy filtered resources.
2023-05-30 10:34:07,604 [Worker-34: Building] INFO  o.e.m.c.i.embedder.EclipseLogger - skip non existing resourceDirectory D:\StuDying\Licenta\recipes-develop\recipes-ui\dist\recipes-ui
2023-05-30 10:34:07,605 [Worker-34: Building] INFO  o.e.m.c.i.embedder.EclipseLogger - Using 'UTF-8' encoding to copy filtered resources.
2023-05-30 10:34:07,605 [Worker-34: Building] INFO  o.e.m.c.i.embedder.EclipseLogger - Copying 1 resource
2023-05-30 10:34:07,606 [Worker-34: Building] INFO  o.e.m.c.i.embedder.EclipseLogger - Using 'UTF-8' encoding to copy filtered resources.
2023-05-30 10:34:07,606 [Worker-34: Building] INFO  o.e.m.c.i.embedder.EclipseLogger - skip non existing resourceDirectory D:\StuDying\Licenta\recipes-develop\recipes-backend\src\test\resources
2023-05-30 10:34:20,882 [Worker-18: Building] INFO  o.e.m.c.i.embedder.EclipseLogger - Using 'UTF-8' encoding to copy filtered resources.
2023-05-30 10:34:20,883 [Worker-18: Building] INFO  o.e.m.c.i.embedder.EclipseLogger - skip non existing resourceDirectory D:\StuDying\Licenta\recipes-develop\recipes-ui\dist\recipes-ui
2023-05-30 10:34:20,883 [Worker-18: Building] INFO  o.e.m.c.i.embedder.EclipseLogger - Using 'UTF-8' encoding to copy filtered resources.
2023-05-30 10:34:20,884 [Worker-18: Building] INFO  o.e.m.c.i.embedder.EclipseLogger - Copying 1 resource
2023-05-30 10:34:20,885 [Worker-18: Building] INFO  o.e.m.c.i.embedder.EclipseLogger - Using 'UTF-8' encoding to copy filtered resources.
2023-05-30 10:34:20,885 [Worker-18: Building] INFO  o.e.m.c.i.embedder.EclipseLogger - skip non existing resourceDirectory D:\StuDying\Licenta\recipes-develop\recipes-backend\src\test\resources
2023-05-30 10:35:06,192 [Worker-35: Building] INFO  o.e.m.c.i.embedder.EclipseLogger - Using 'UTF-8' encoding to copy filtered resources.
2023-05-30 10:35:06,193 [Worker-35: Building] INFO  o.e.m.c.i.embedder.EclipseLogger - skip non existing resourceDirectory D:\StuDying\Licenta\recipes-develop\recipes-ui\dist\recipes-ui
2023-05-30 10:35:06,194 [Worker-35: Building] INFO  o.e.m.c.i.embedder.EclipseLogger - Using 'UTF-8' encoding to copy filtered resources.
2023-05-30 10:35:06,195 [Worker-35: Building] INFO  o.e.m.c.i.embedder.EclipseLogger - Copying 1 resource
2023-05-30 10:35:06,196 [Worker-35: Building] INFO  o.e.m.c.i.embedder.EclipseLogger - Using 'UTF-8' encoding to copy filtered resources.
2023-05-30 10:35:06,196 [Worker-35: Building] INFO  o.e.m.c.i.embedder.EclipseLogger - skip non existing resourceDirectory D:\StuDying\Licenta\recipes-develop\recipes-backend\src\test\resources
2023-05-30 10:35:26,041 [Worker-34: Building] INFO  o.e.m.c.i.embedder.EclipseLogger - Using 'UTF-8' encoding to copy filtered resources.
2023-05-30 10:35:26,041 [Worker-34: Building] INFO  o.e.m.c.i.embedder.EclipseLogger - skip non existing resourceDirectory D:\StuDying\Licenta\recipes-develop\recipes-ui\dist\recipes-ui
2023-05-30 10:35:26,042 [Worker-34: Building] INFO  o.e.m.c.i.embedder.EclipseLogger - Using 'UTF-8' encoding to copy filtered resources.
2023-05-30 10:35:26,042 [Worker-34: Building] INFO  o.e.m.c.i.embedder.EclipseLogger - Copying 1 resource
2023-05-30 10:35:26,045 [Worker-34: Building] INFO  o.e.m.c.i.embedder.EclipseLogger - Using 'UTF-8' encoding to copy filtered resources.
2023-05-30 10:35:26,045 [Worker-34: Building] INFO  o.e.m.c.i.embedder.EclipseLogger - skip non existing resourceDirectory D:\StuDying\Licenta\recipes-develop\recipes-backend\src\test\resources
2023-05-30 10:38:06,336 [Worker-18: Building] INFO  o.e.m.c.i.embedder.EclipseLogger - Using 'UTF-8' encoding to copy filtered resources.
2023-05-30 10:38:06,336 [Worker-18: Building] INFO  o.e.m.c.i.embedder.EclipseLogger - skip non existing resourceDirectory D:\StuDying\Licenta\recipes-develop\recipes-ui\dist\recipes-ui
2023-05-30 10:38:06,337 [Worker-18: Building] INFO  o.e.m.c.i.embedder.EclipseLogger - Using 'UTF-8' encoding to copy filtered resources.
2023-05-30 10:38:06,337 [Worker-18: Building] INFO  o.e.m.c.i.embedder.EclipseLogger - Copying 1 resource
2023-05-30 10:38:06,340 [Worker-18: Building] INFO  o.e.m.c.i.embedder.EclipseLogger - Using 'UTF-8' encoding to copy filtered resources.
2023-05-30 10:38:06,340 [Worker-18: Building] INFO  o.e.m.c.i.embedder.EclipseLogger - skip non existing resourceDirectory D:\StuDying\Licenta\recipes-develop\recipes-backend\src\test\resources
2023-05-30 10:38:44,081 [Worker-35: Building] INFO  o.e.m.c.i.embedder.EclipseLogger - Using 'UTF-8' encoding to copy filtered resources.
2023-05-30 10:38:44,081 [Worker-35: Building] INFO  o.e.m.c.i.embedder.EclipseLogger - skip non existing resourceDirectory D:\StuDying\Licenta\recipes-develop\recipes-ui\dist\recipes-ui
2023-05-30 10:38:44,082 [Worker-35: Building] INFO  o.e.m.c.i.embedder.EclipseLogger - Using 'UTF-8' encoding to copy filtered resources.
2023-05-30 10:38:44,083 [Worker-35: Building] INFO  o.e.m.c.i.embedder.EclipseLogger - Copying 1 resource
2023-05-30 10:38:44,084 [Worker-35: Building] INFO  o.e.m.c.i.embedder.EclipseLogger - Using 'UTF-8' encoding to copy filtered resources.
2023-05-30 10:38:44,085 [Worker-35: Building] INFO  o.e.m.c.i.embedder.EclipseLogger - skip non existing resourceDirectory D:\StuDying\Licenta\recipes-develop\recipes-backend\src\test\resources
2023-05-30 17:14:41,001 [Worker-62: Building] INFO  o.e.m.c.i.embedder.EclipseLogger - Using 'UTF-8' encoding to copy filtered resources.
2023-05-30 17:14:41,002 [Worker-62: Building] INFO  o.e.m.c.i.embedder.EclipseLogger - skip non existing resourceDirectory D:\StuDying\Licenta\recipes-develop\recipes-ui\dist\recipes-ui
2023-05-30 17:14:41,004 [Worker-62: Building] INFO  o.e.m.c.i.embedder.EclipseLogger - Using 'UTF-8' encoding to copy filtered resources.
2023-05-30 17:14:41,004 [Worker-62: Building] INFO  o.e.m.c.i.embedder.EclipseLogger - Copying 1 resource
2023-05-30 17:14:41,008 [Worker-62: Building] INFO  o.e.m.c.i.embedder.EclipseLogger - Using 'UTF-8' encoding to copy filtered resources.
2023-05-30 17:14:41,008 [Worker-62: Building] INFO  o.e.m.c.i.embedder.EclipseLogger - skip non existing resourceDirectory D:\StuDying\Licenta\recipes-develop\recipes-backend\src\test\resources
2023-05-30 17:19:58,147 [Worker-72: Building] INFO  o.e.m.c.i.embedder.EclipseLogger - Using 'UTF-8' encoding to copy filtered resources.
2023-05-30 17:19:58,147 [Worker-72: Building] INFO  o.e.m.c.i.embedder.EclipseLogger - skip non existing resourceDirectory D:\StuDying\Licenta\recipes-develop\recipes-ui\dist\recipes-ui
2023-05-30 17:19:58,148 [Worker-72: Building] INFO  o.e.m.c.i.embedder.EclipseLogger - Using 'UTF-8' encoding to copy filtered resources.
2023-05-30 17:19:58,148 [Worker-72: Building] INFO  o.e.m.c.i.embedder.EclipseLogger - Copying 0 resource
2023-05-30 17:19:58,150 [Worker-72: Building] INFO  o.e.m.c.i.embedder.EclipseLogger - Using 'UTF-8' encoding to copy filtered resources.
2023-05-30 17:19:58,150 [Worker-72: Building] INFO  o.e.m.c.i.embedder.EclipseLogger - skip non existing resourceDirectory D:\StuDying\Licenta\recipes-develop\recipes-backend\src\test\resources
2023-06-01 11:30:54,571 [Worker-2: Loading available Gradle versions] INFO  o.e.b.c.i.u.g.PublishedGradleVersions - Gradle version information cache is out-of-date. Trying to update.
2023-06-01 11:31:00,894 [Worker-9: Building] INFO  o.e.m.c.i.embedder.EclipseLogger - Using 'UTF-8' encoding to copy filtered resources.
2023-06-01 11:31:00,895 [Worker-9: Building] INFO  o.e.m.c.i.embedder.EclipseLogger - skip non existing resourceDirectory D:\StuDying\Licenta\recipes-develop\recipes-ui\dist\recipes-ui
2023-06-01 11:31:00,897 [Worker-9: Building] INFO  o.e.m.c.i.embedder.EclipseLogger - Using 'UTF-8' encoding to copy filtered resources.
2023-06-01 11:31:00,899 [Worker-9: Building] INFO  o.e.m.c.i.embedder.EclipseLogger - Copying 1 resource
2023-06-01 11:31:00,910 [Worker-9: Building] INFO  o.e.m.c.i.embedder.EclipseLogger - Using 'UTF-8' encoding to copy filtered resources.
2023-06-01 11:31:00,910 [Worker-9: Building] INFO  o.e.m.c.i.embedder.EclipseLogger - skip non existing resourceDirectory D:\StuDying\Licenta\recipes-develop\recipes-backend\src\test\resources
2023-06-01 11:46:40,463 [Worker-44: Building] INFO  o.e.m.c.i.embedder.EclipseLogger - Using 'UTF-8' encoding to copy filtered resources.
2023-06-01 11:46:40,465 [Worker-44: Building] INFO  o.e.m.c.i.embedder.EclipseLogger - skip non existing resourceDirectory D:\StuDying\Licenta\recipes-develop\recipes-ui\dist\recipes-ui
2023-06-01 11:46:40,468 [Worker-44: Building] INFO  o.e.m.c.i.embedder.EclipseLogger - Using 'UTF-8' encoding to copy filtered resources.
2023-06-01 11:46:40,469 [Worker-44: Building] INFO  o.e.m.c.i.embedder.EclipseLogger - Copying 1 resource
2023-06-01 11:46:40,472 [Worker-44: Building] INFO  o.e.m.c.i.embedder.EclipseLogger - Using 'UTF-8' encoding to copy filtered resources.
2023-06-01 11:46:40,472 [Worker-44: Building] INFO  o.e.m.c.i.embedder.EclipseLogger - skip non existing resourceDirectory D:\StuDying\Licenta\recipes-develop\recipes-backend\src\test\resources
2023-06-01 11:48:44,351 [Worker-40: Building] INFO  o.e.m.c.i.embedder.EclipseLogger - Using 'UTF-8' encoding to copy filtered resources.
2023-06-01 11:48:44,351 [Worker-40: Building] INFO  o.e.m.c.i.embedder.EclipseLogger - skip non existing resourceDirectory D:\StuDying\Licenta\recipes-develop\recipes-ui\dist\recipes-ui
2023-06-01 11:48:44,353 [Worker-40: Building] INFO  o.e.m.c.i.embedder.EclipseLogger - Using 'UTF-8' encoding to copy filtered resources.
2023-06-01 11:48:44,353 [Worker-40: Building] INFO  o.e.m.c.i.embedder.EclipseLogger - Copying 1 resource
2023-06-01 11:48:44,356 [Worker-40: Building] INFO  o.e.m.c.i.embedder.EclipseLogger - Using 'UTF-8' encoding to copy filtered resources.
2023-06-01 11:48:44,356 [Worker-40: Building] INFO  o.e.m.c.i.embedder.EclipseLogger - skip non existing resourceDirectory D:\StuDying\Licenta\recipes-develop\recipes-backend\src\test\resources
2023-06-01 11:50:05,371 [Worker-40: Launching Main] INFO  o.e.m.c.i.embedder.EclipseLogger - Using 'UTF-8' encoding to copy filtered resources.
2023-06-01 11:50:05,371 [Worker-40: Launching Main] INFO  o.e.m.c.i.embedder.EclipseLogger - skip non existing resourceDirectory D:\StuDying\Licenta\recipes-develop\recipes-ui\dist\recipes-ui
2023-06-01 11:50:05,374 [Worker-40: Launching Main] INFO  o.e.m.c.i.embedder.EclipseLogger - Using 'UTF-8' encoding to copy filtered resources.
2023-06-01 11:50:05,374 [Worker-40: Launching Main] INFO  o.e.m.c.i.embedder.EclipseLogger - Copying 1 resource
2023-06-01 11:50:05,377 [Worker-40: Launching Main] INFO  o.e.m.c.i.embedder.EclipseLogger - Using 'UTF-8' encoding to copy filtered resources.
2023-06-01 11:50:05,377 [Worker-40: Launching Main] INFO  o.e.m.c.i.embedder.EclipseLogger - skip non existing resourceDirectory D:\StuDying\Licenta\recipes-develop\recipes-backend\src\test\resources
2023-06-01 11:51:33,891 [Worker-41: Building] INFO  o.e.m.c.i.embedder.EclipseLogger - Using 'UTF-8' encoding to copy filtered resources.
2023-06-01 11:51:33,891 [Worker-41: Building] INFO  o.e.m.c.i.embedder.EclipseLogger - skip non existing resourceDirectory D:\StuDying\Licenta\recipes-develop\recipes-ui\dist\recipes-ui
2023-06-01 11:51:33,893 [Worker-41: Building] INFO  o.e.m.c.i.embedder.EclipseLogger - Using 'UTF-8' encoding to copy filtered resources.
2023-06-01 11:51:33,893 [Worker-41: Building] INFO  o.e.m.c.i.embedder.EclipseLogger - Copying 1 resource
2023-06-01 11:51:33,895 [Worker-41: Building] INFO  o.e.m.c.i.embedder.EclipseLogger - Using 'UTF-8' encoding to copy filtered resources.
2023-06-01 11:51:33,895 [Worker-41: Building] INFO  o.e.m.c.i.embedder.EclipseLogger - skip non existing resourceDirectory D:\StuDying\Licenta\recipes-develop\recipes-backend\src\test\resources
2023-06-01 11:53:54,185 [Worker-46: Building] INFO  o.e.m.c.i.embedder.EclipseLogger - Using 'UTF-8' encoding to copy filtered resources.
2023-06-01 11:53:54,185 [Worker-46: Building] INFO  o.e.m.c.i.embedder.EclipseLogger - skip non existing resourceDirectory D:\StuDying\Licenta\recipes-develop\recipes-ui\dist\recipes-ui
2023-06-01 11:53:54,187 [Worker-46: Building] INFO  o.e.m.c.i.embedder.EclipseLogger - Using 'UTF-8' encoding to copy filtered resources.
2023-06-01 11:53:54,187 [Worker-46: Building] INFO  o.e.m.c.i.embedder.EclipseLogger - Copying 1 resource
2023-06-01 11:53:54,189 [Worker-46: Building] INFO  o.e.m.c.i.embedder.EclipseLogger - Using 'UTF-8' encoding to copy filtered resources.
2023-06-01 11:53:54,190 [Worker-46: Building] INFO  o.e.m.c.i.embedder.EclipseLogger - skip non existing resourceDirectory D:\StuDying\Licenta\recipes-develop\recipes-backend\src\test\resources
2023-06-01 11:54:09,188 [Worker-43: Building] INFO  o.e.m.c.i.embedder.EclipseLogger - Using 'UTF-8' encoding to copy filtered resources.
2023-06-01 11:54:09,189 [Worker-43: Building] INFO  o.e.m.c.i.embedder.EclipseLogger - skip non existing resourceDirectory D:\StuDying\Licenta\recipes-develop\recipes-ui\dist\recipes-ui
2023-06-01 11:54:09,190 [Worker-43: Building] INFO  o.e.m.c.i.embedder.EclipseLogger - Using 'UTF-8' encoding to copy filtered resources.
2023-06-01 11:54:09,190 [Worker-43: Building] INFO  o.e.m.c.i.embedder.EclipseLogger - Copying 1 resource
2023-06-01 11:54:09,192 [Worker-43: Building] INFO  o.e.m.c.i.embedder.EclipseLogger - Using 'UTF-8' encoding to copy filtered resources.
2023-06-01 11:54:09,192 [Worker-43: Building] INFO  o.e.m.c.i.embedder.EclipseLogger - skip non existing resourceDirectory D:\StuDying\Licenta\recipes-develop\recipes-backend\src\test\resources
2023-06-01 11:55:08,717 [Worker-40: Building] INFO  o.e.m.c.i.embedder.EclipseLogger - Using 'UTF-8' encoding to copy filtered resources.
2023-06-01 11:55:08,717 [Worker-40: Building] INFO  o.e.m.c.i.embedder.EclipseLogger - skip non existing resourceDirectory D:\StuDying\Licenta\recipes-develop\recipes-ui\dist\recipes-ui
2023-06-01 11:55:08,718 [Worker-40: Building] INFO  o.e.m.c.i.embedder.EclipseLogger - Using 'UTF-8' encoding to copy filtered resources.
2023-06-01 11:55:08,719 [Worker-40: Building] INFO  o.e.m.c.i.embedder.EclipseLogger - Copying 1 resource
2023-06-01 11:55:08,721 [Worker-40: Building] INFO  o.e.m.c.i.embedder.EclipseLogger - Using 'UTF-8' encoding to copy filtered resources.
2023-06-01 11:55:08,721 [Worker-40: Building] INFO  o.e.m.c.i.embedder.EclipseLogger - skip non existing resourceDirectory D:\StuDying\Licenta\recipes-develop\recipes-backend\src\test\resources
2023-06-01 11:55:28,984 [Worker-41: Building] INFO  o.e.m.c.i.embedder.EclipseLogger - Using 'UTF-8' encoding to copy filtered resources.
2023-06-01 11:55:28,985 [Worker-41: Building] INFO  o.e.m.c.i.embedder.EclipseLogger - skip non existing resourceDirectory D:\StuDying\Licenta\recipes-develop\recipes-ui\dist\recipes-ui
2023-06-01 11:55:28,986 [Worker-41: Building] INFO  o.e.m.c.i.embedder.EclipseLogger - Using 'UTF-8' encoding to copy filtered resources.
2023-06-01 11:55:28,986 [Worker-41: Building] INFO  o.e.m.c.i.embedder.EclipseLogger - Copying 1 resource
2023-06-01 11:55:28,987 [Worker-41: Building] INFO  o.e.m.c.i.embedder.EclipseLogger - Using 'UTF-8' encoding to copy filtered resources.
2023-06-01 11:55:28,987 [Worker-41: Building] INFO  o.e.m.c.i.embedder.EclipseLogger - skip non existing resourceDirectory D:\StuDying\Licenta\recipes-develop\recipes-backend\src\test\resources
2023-06-01 12:21:22,463 [Worker-49: Building] INFO  o.e.m.c.i.embedder.EclipseLogger - Using 'UTF-8' encoding to copy filtered resources.
2023-06-01 12:21:22,463 [Worker-49: Building] INFO  o.e.m.c.i.embedder.EclipseLogger - skip non existing resourceDirectory D:\StuDying\Licenta\recipes-develop\recipes-ui\dist\recipes-ui
2023-06-01 12:21:22,465 [Worker-49: Building] INFO  o.e.m.c.i.embedder.EclipseLogger - Using 'UTF-8' encoding to copy filtered resources.
2023-06-01 12:21:22,465 [Worker-49: Building] INFO  o.e.m.c.i.embedder.EclipseLogger - Copying 1 resource
2023-06-01 12:21:22,466 [Worker-49: Building] INFO  o.e.m.c.i.embedder.EclipseLogger - Using 'UTF-8' encoding to copy filtered resources.
2023-06-01 12:21:22,466 [Worker-49: Building] INFO  o.e.m.c.i.embedder.EclipseLogger - skip non existing resourceDirectory D:\StuDying\Licenta\recipes-develop\recipes-backend\src\test\resources
2023-06-01 12:22:19,602 [Worker-51: Building] INFO  o.e.m.c.i.embedder.EclipseLogger - Using 'UTF-8' encoding to copy filtered resources.
2023-06-01 12:22:19,602 [Worker-51: Building] INFO  o.e.m.c.i.embedder.EclipseLogger - skip non existing resourceDirectory D:\StuDying\Licenta\recipes-develop\recipes-ui\dist\recipes-ui
2023-06-01 12:22:19,604 [Worker-51: Building] INFO  o.e.m.c.i.embedder.EclipseLogger - Using 'UTF-8' encoding to copy filtered resources.
2023-06-01 12:22:19,604 [Worker-51: Building] INFO  o.e.m.c.i.embedder.EclipseLogger - Copying 1 resource
2023-06-01 12:22:19,606 [Worker-51: Building] INFO  o.e.m.c.i.embedder.EclipseLogger - Using 'UTF-8' encoding to copy filtered resources.
2023-06-01 12:22:19,606 [Worker-51: Building] INFO  o.e.m.c.i.embedder.EclipseLogger - skip non existing resourceDirectory D:\StuDying\Licenta\recipes-develop\recipes-backend\src\test\resources
2023-06-01 12:22:22,887 [Worker-47: Building] INFO  o.e.m.c.i.embedder.EclipseLogger - Using 'UTF-8' encoding to copy filtered resources.
2023-06-01 12:22:22,888 [Worker-47: Building] INFO  o.e.m.c.i.embedder.EclipseLogger - skip non existing resourceDirectory D:\StuDying\Licenta\recipes-develop\recipes-ui\dist\recipes-ui
2023-06-01 12:22:22,888 [Worker-47: Building] INFO  o.e.m.c.i.embedder.EclipseLogger - Using 'UTF-8' encoding to copy filtered resources.
2023-06-01 12:22:22,889 [Worker-47: Building] INFO  o.e.m.c.i.embedder.EclipseLogger - Copying 1 resource
2023-06-01 12:22:22,891 [Worker-47: Building] INFO  o.e.m.c.i.embedder.EclipseLogger - Using 'UTF-8' encoding to copy filtered resources.
2023-06-01 12:22:22,891 [Worker-47: Building] INFO  o.e.m.c.i.embedder.EclipseLogger - skip non existing resourceDirectory D:\StuDying\Licenta\recipes-develop\recipes-backend\src\test\resources
2023-06-01 12:22:26,324 [Worker-50: Launching Main] INFO  o.e.m.c.i.embedder.EclipseLogger - Using 'UTF-8' encoding to copy filtered resources.
2023-06-01 12:22:26,324 [Worker-50: Launching Main] INFO  o.e.m.c.i.embedder.EclipseLogger - skip non existing resourceDirectory D:\StuDying\Licenta\recipes-develop\recipes-ui\dist\recipes-ui
2023-06-01 12:22:26,325 [Worker-50: Launching Main] INFO  o.e.m.c.i.embedder.EclipseLogger - Using 'UTF-8' encoding to copy filtered resources.
2023-06-01 12:22:26,325 [Worker-50: Launching Main] INFO  o.e.m.c.i.embedder.EclipseLogger - Copying 1 resource
2023-06-01 12:22:26,327 [Worker-50: Launching Main] INFO  o.e.m.c.i.embedder.EclipseLogger - Using 'UTF-8' encoding to copy filtered resources.
2023-06-01 12:22:26,327 [Worker-50: Launching Main] INFO  o.e.m.c.i.embedder.EclipseLogger - skip non existing resourceDirectory D:\StuDying\Licenta\recipes-develop\recipes-backend\src\test\resources
2023-06-01 13:27:28,828 [Worker-46: Launching Main] INFO  o.e.m.c.i.embedder.EclipseLogger - Using 'UTF-8' encoding to copy filtered resources.
2023-06-01 13:27:28,828 [Worker-46: Launching Main] INFO  o.e.m.c.i.embedder.EclipseLogger - skip non existing resourceDirectory D:\StuDying\Licenta\recipes-develop\recipes-ui\dist\recipes-ui
2023-06-01 13:27:28,830 [Worker-46: Launching Main] INFO  o.e.m.c.i.embedder.EclipseLogger - Using 'UTF-8' encoding to copy filtered resources.
2023-06-01 13:27:28,830 [Worker-46: Launching Main] INFO  o.e.m.c.i.embedder.EclipseLogger - Copying 1 resource
2023-06-01 13:27:28,833 [Worker-46: Launching Main] INFO  o.e.m.c.i.embedder.EclipseLogger - Using 'UTF-8' encoding to copy filtered resources.
2023-06-01 13:27:28,833 [Worker-46: Launching Main] INFO  o.e.m.c.i.embedder.EclipseLogger - skip non existing resourceDirectory D:\StuDying\Licenta\recipes-develop\recipes-backend\src\test\resources
2023-06-02 10:53:58,243 [Worker-3: Loading available Gradle versions] INFO  o.e.b.c.i.u.g.PublishedGradleVersions - Gradle version information cache is up-to-date. Trying to read.
2023-06-02 10:57:51,197 [Worker-25: Building] INFO  o.e.m.c.i.embedder.EclipseLogger - Using 'UTF-8' encoding to copy filtered resources.
2023-06-02 10:57:51,199 [Worker-25: Building] INFO  o.e.m.c.i.embedder.EclipseLogger - skip non existing resourceDirectory D:\StuDying\Licenta\recipes-develop\recipes-ui\dist\recipes-ui
2023-06-02 10:57:51,201 [Worker-25: Building] INFO  o.e.m.c.i.embedder.EclipseLogger - Using 'UTF-8' encoding to copy filtered resources.
2023-06-02 10:57:51,204 [Worker-25: Building] INFO  o.e.m.c.i.embedder.EclipseLogger - Copying 1 resource
2023-06-02 10:57:51,212 [Worker-25: Building] INFO  o.e.m.c.i.embedder.EclipseLogger - Using 'UTF-8' encoding to copy filtered resources.
2023-06-02 10:57:51,213 [Worker-25: Building] INFO  o.e.m.c.i.embedder.EclipseLogger - skip non existing resourceDirectory D:\StuDying\Licenta\recipes-develop\recipes-backend\src\test\resources
2023-06-02 11:07:05,976 [Worker-32: Building] INFO  o.e.m.c.i.embedder.EclipseLogger - Using 'UTF-8' encoding to copy filtered resources.
2023-06-02 11:07:05,976 [Worker-32: Building] INFO  o.e.m.c.i.embedder.EclipseLogger - skip non existing resourceDirectory D:\StuDying\Licenta\recipes-develop\recipes-ui\dist\recipes-ui
2023-06-02 11:07:05,977 [Worker-32: Building] INFO  o.e.m.c.i.embedder.EclipseLogger - Using 'UTF-8' encoding to copy filtered resources.
2023-06-02 11:07:05,979 [Worker-32: Building] INFO  o.e.m.c.i.embedder.EclipseLogger - Copying 1 resource
2023-06-02 11:07:05,981 [Worker-32: Building] INFO  o.e.m.c.i.embedder.EclipseLogger - Using 'UTF-8' encoding to copy filtered resources.
2023-06-02 11:07:05,982 [Worker-32: Building] INFO  o.e.m.c.i.embedder.EclipseLogger - skip non existing resourceDirectory D:\StuDying\Licenta\recipes-develop\recipes-backend\src\test\resources
2023-06-02 11:08:54,198 [Worker-30: Updating Maven Project] INFO  o.e.m.c.i.p.ProjectConfigurationManager - Update started
2023-06-02 11:08:55,788 [Worker-30: Updating Maven Project] INFO  o.e.m.c.i.l.LifecycleMappingFactory - Using org.eclipse.m2e.jdt.JarLifecycleMapping lifecycle mapping for MavenProject: com.siemens.spice:recipes-backend:1.0-SNAPSHOT @ D:\StuDying\Licenta\recipes-develop\recipes-backend\pom.xml.
2023-06-02 11:08:56,115 [Worker-30: Updating Maven Project] INFO  o.e.m.j.i.AbstractJavaProjectConfigurator - Adding source folder /recipes-backend/src/main/java
2023-06-02 11:08:56,115 [Worker-30: Updating Maven Project] INFO  o.e.m.j.i.AbstractJavaProjectConfigurator - Adding resource folder /recipes-backend/src/main/resources
2023-06-02 11:08:56,116 [Worker-30: Updating Maven Project] INFO  o.e.m.j.i.AbstractJavaProjectConfigurator - Adding source folder /recipes-backend/src/test/java
2023-06-02 11:08:56,257 [Worker-30: Updating Maven Project] INFO  o.e.m.c.i.p.ProjectConfigurationManager - Update completed: 2 sec
2023-06-02 11:08:56,733 [Worker-34: Building] INFO  o.e.m.c.i.embedder.EclipseLogger - Using 'UTF-8' encoding to copy filtered resources.
2023-06-02 11:08:56,733 [Worker-34: Building] INFO  o.e.m.c.i.embedder.EclipseLogger - skip non existing resourceDirectory D:\StuDying\Licenta\recipes-develop\recipes-ui\dist\recipes-ui
2023-06-02 11:08:56,735 [Worker-34: Building] INFO  o.e.m.c.i.embedder.EclipseLogger - Using 'UTF-8' encoding to copy filtered resources.
2023-06-02 11:08:56,735 [Worker-34: Building] INFO  o.e.m.c.i.embedder.EclipseLogger - Copying 1 resource
2023-06-02 11:08:56,743 [Worker-34: Building] INFO  o.e.m.c.i.embedder.EclipseLogger - Using 'UTF-8' encoding to copy filtered resources.
2023-06-02 11:08:56,744 [Worker-34: Building] INFO  o.e.m.c.i.embedder.EclipseLogger - skip non existing resourceDirectory D:\StuDying\Licenta\recipes-develop\recipes-backend\src\test\resources
2023-06-02 11:12:13,122 [Worker-40: Launching Executing clean in D__StuDying_Licenta_recipes-develop_recipes-backend] INFO  o.e.m.i.launch.MavenLaunchDelegate - D:\StuDying\Licenta\recipes-develop\recipes-backend
2023-06-02 11:12:13,122 [Worker-40: Launching Executing clean in D__StuDying_Licenta_recipes-develop_recipes-backend] INFO  o.e.m.i.launch.MavenLaunchDelegate -  mvn -B clean
2023-06-02 11:13:00,862 [Worker-3: Loading available Gradle versions] INFO  o.e.b.c.i.u.g.PublishedGradleVersions - Gradle version information cache is up-to-date. Trying to read.
2023-06-02 11:15:44,751 [Worker-20: Updating Maven Project] INFO  o.e.m.c.i.p.ProjectConfigurationManager - Update started
2023-06-02 11:15:45,330 [Worker-20: Updating Maven Project] INFO  o.e.m.c.i.l.LifecycleMappingFactory - Using org.eclipse.m2e.jdt.JarLifecycleMapping lifecycle mapping for MavenProject: com.siemens.spice:recipes-backend:1.0-SNAPSHOT @ D:\StuDying\Licenta\recipes-develop\recipes-backend\pom.xml.
2023-06-02 11:15:45,604 [Worker-20: Updating Maven Project] INFO  o.e.m.j.i.AbstractJavaProjectConfigurator - Adding source folder /recipes-backend/src/main/java
2023-06-02 11:15:45,605 [Worker-20: Updating Maven Project] INFO  o.e.m.j.i.AbstractJavaProjectConfigurator - Adding resource folder /recipes-backend/src/main/resources
2023-06-02 11:15:45,605 [Worker-20: Updating Maven Project] INFO  o.e.m.j.i.AbstractJavaProjectConfigurator - Adding source folder /recipes-backend/src/test/java
2023-06-02 11:15:45,871 [Worker-20: Updating Maven Project] INFO  o.e.m.c.i.p.ProjectConfigurationManager - Update completed: 1 sec
2023-06-02 11:15:46,596 [Worker-2: Building] INFO  o.e.m.c.i.embedder.EclipseLogger - Using 'UTF-8' encoding to copy filtered resources.
2023-06-02 11:15:46,596 [Worker-2: Building] INFO  o.e.m.c.i.embedder.EclipseLogger - skip non existing resourceDirectory D:\StuDying\Licenta\recipes-develop\recipes-ui\dist\recipes-ui
2023-06-02 11:15:46,598 [Worker-2: Building] INFO  o.e.m.c.i.embedder.EclipseLogger - Using 'UTF-8' encoding to copy filtered resources.
2023-06-02 11:15:46,600 [Worker-2: Building] INFO  o.e.m.c.i.embedder.EclipseLogger - Copying 1 resource
2023-06-02 11:15:46,609 [Worker-2: Building] INFO  o.e.m.c.i.embedder.EclipseLogger - Using 'UTF-8' encoding to copy filtered resources.
2023-06-02 11:15:46,609 [Worker-2: Building] INFO  o.e.m.c.i.embedder.EclipseLogger - skip non existing resourceDirectory D:\StuDying\Licenta\recipes-develop\recipes-backend\src\test\resources
2023-06-02 11:19:53,096 [Worker-31: Building] INFO  o.e.m.c.i.embedder.EclipseLogger - Using 'UTF-8' encoding to copy filtered resources.
2023-06-02 11:19:53,096 [Worker-31: Building] INFO  o.e.m.c.i.embedder.EclipseLogger - skip non existing resourceDirectory D:\StuDying\Licenta\recipes-develop\recipes-ui\dist\recipes-ui
2023-06-02 11:19:53,098 [Worker-31: Building] INFO  o.e.m.c.i.embedder.EclipseLogger - Using 'UTF-8' encoding to copy filtered resources.
2023-06-02 11:19:53,099 [Worker-31: Building] INFO  o.e.m.c.i.embedder.EclipseLogger - Copying 1 resource
2023-06-02 11:19:53,101 [Worker-31: Building] INFO  o.e.m.c.i.embedder.EclipseLogger - Using 'UTF-8' encoding to copy filtered resources.
2023-06-02 11:19:53,101 [Worker-31: Building] INFO  o.e.m.c.i.embedder.EclipseLogger - skip non existing resourceDirectory D:\StuDying\Licenta\recipes-develop\recipes-backend\src\test\resources
2023-06-02 11:21:07,845 [Worker-15: Building] INFO  o.e.m.c.i.embedder.EclipseLogger - Using 'UTF-8' encoding to copy filtered resources.
2023-06-02 11:21:07,845 [Worker-15: Building] INFO  o.e.m.c.i.embedder.EclipseLogger - skip non existing resourceDirectory D:\StuDying\Licenta\recipes-develop\recipes-ui\dist\recipes-ui
2023-06-02 11:21:07,846 [Worker-15: Building] INFO  o.e.m.c.i.embedder.EclipseLogger - Using 'UTF-8' encoding to copy filtered resources.
2023-06-02 11:21:07,846 [Worker-15: Building] INFO  o.e.m.c.i.embedder.EclipseLogger - Copying 1 resource
2023-06-02 11:21:07,848 [Worker-15: Building] INFO  o.e.m.c.i.embedder.EclipseLogger - Using 'UTF-8' encoding to copy filtered resources.
2023-06-02 11:21:07,848 [Worker-15: Building] INFO  o.e.m.c.i.embedder.EclipseLogger - skip non existing resourceDirectory D:\StuDying\Licenta\recipes-develop\recipes-backend\src\test\resources
2023-06-02 11:22:11,590 [Worker-15: Building] INFO  o.e.m.c.i.embedder.EclipseLogger - Using 'UTF-8' encoding to copy filtered resources.
2023-06-02 11:22:11,590 [Worker-15: Building] INFO  o.e.m.c.i.embedder.EclipseLogger - skip non existing resourceDirectory D:\StuDying\Licenta\recipes-develop\recipes-ui\dist\recipes-ui
2023-06-02 11:22:11,591 [Worker-15: Building] INFO  o.e.m.c.i.embedder.EclipseLogger - Using 'UTF-8' encoding to copy filtered resources.
2023-06-02 11:22:11,591 [Worker-15: Building] INFO  o.e.m.c.i.embedder.EclipseLogger - Copying 1 resource
2023-06-02 11:22:11,593 [Worker-15: Building] INFO  o.e.m.c.i.embedder.EclipseLogger - Using 'UTF-8' encoding to copy filtered resources.
2023-06-02 11:22:11,593 [Worker-15: Building] INFO  o.e.m.c.i.embedder.EclipseLogger - skip non existing resourceDirectory D:\StuDying\Licenta\recipes-develop\recipes-backend\src\test\resources
2023-06-02 11:22:14,646 [Worker-30: Building] INFO  o.e.m.c.i.embedder.EclipseLogger - Using 'UTF-8' encoding to copy filtered resources.
2023-06-02 11:22:14,646 [Worker-30: Building] INFO  o.e.m.c.i.embedder.EclipseLogger - skip non existing resourceDirectory D:\StuDying\Licenta\recipes-develop\recipes-ui\dist\recipes-ui
2023-06-02 11:22:14,647 [Worker-30: Building] INFO  o.e.m.c.i.embedder.EclipseLogger - Using 'UTF-8' encoding to copy filtered resources.
2023-06-02 11:22:14,647 [Worker-30: Building] INFO  o.e.m.c.i.embedder.EclipseLogger - Copying 1 resource
2023-06-02 11:22:14,649 [Worker-30: Building] INFO  o.e.m.c.i.embedder.EclipseLogger - Using 'UTF-8' encoding to copy filtered resources.
2023-06-02 11:22:14,649 [Worker-30: Building] INFO  o.e.m.c.i.embedder.EclipseLogger - skip non existing resourceDirectory D:\StuDying\Licenta\recipes-develop\recipes-backend\src\test\resources
2023-06-02 11:24:56,412 [Worker-15: Building] INFO  o.e.m.c.i.embedder.EclipseLogger - Using 'UTF-8' encoding to copy filtered resources.
2023-06-02 11:24:56,412 [Worker-15: Building] INFO  o.e.m.c.i.embedder.EclipseLogger - skip non existing resourceDirectory D:\StuDying\Licenta\recipes-develop\recipes-ui\dist\recipes-ui
2023-06-02 11:24:56,413 [Worker-15: Building] INFO  o.e.m.c.i.embedder.EclipseLogger - Using 'UTF-8' encoding to copy filtered resources.
2023-06-02 11:24:56,413 [Worker-15: Building] INFO  o.e.m.c.i.embedder.EclipseLogger - Copying 1 resource
2023-06-02 11:24:56,416 [Worker-15: Building] INFO  o.e.m.c.i.embedder.EclipseLogger - Using 'UTF-8' encoding to copy filtered resources.
2023-06-02 11:24:56,416 [Worker-15: Building] INFO  o.e.m.c.i.embedder.EclipseLogger - skip non existing resourceDirectory D:\StuDying\Licenta\recipes-develop\recipes-backend\src\test\resources
2023-06-02 11:25:23,518 [Worker-15: Updating Maven Project] INFO  o.e.m.c.i.p.ProjectConfigurationManager - Update started
2023-06-02 11:25:23,921 [Worker-15: Updating Maven Project] INFO  o.e.m.c.i.l.LifecycleMappingFactory - Using org.eclipse.m2e.jdt.JarLifecycleMapping lifecycle mapping for MavenProject: com.siemens.spice:recipes-backend:1.0-SNAPSHOT @ D:\StuDying\Licenta\recipes-develop\recipes-backend\pom.xml.
2023-06-02 11:25:24,136 [Worker-15: Updating Maven Project] INFO  o.e.m.j.i.AbstractJavaProjectConfigurator - Adding source folder /recipes-backend/src/main/java
2023-06-02 11:25:24,136 [Worker-15: Updating Maven Project] INFO  o.e.m.j.i.AbstractJavaProjectConfigurator - Adding resource folder /recipes-backend/src/main/resources
2023-06-02 11:25:24,136 [Worker-15: Updating Maven Project] INFO  o.e.m.j.i.AbstractJavaProjectConfigurator - Adding source folder /recipes-backend/src/test/java
2023-06-02 11:25:24,242 [Worker-15: Updating Maven Project] INFO  o.e.m.c.i.p.ProjectConfigurationManager - Update completed: 0 sec
2023-06-02 11:25:24,673 [Worker-17: Building] INFO  o.e.m.c.i.embedder.EclipseLogger - Using 'UTF-8' encoding to copy filtered resources.
2023-06-02 11:25:24,673 [Worker-17: Building] INFO  o.e.m.c.i.embedder.EclipseLogger - skip non existing resourceDirectory D:\StuDying\Licenta\recipes-develop\recipes-ui\dist\recipes-ui
2023-06-02 11:25:24,674 [Worker-17: Building] INFO  o.e.m.c.i.embedder.EclipseLogger - Using 'UTF-8' encoding to copy filtered resources.
2023-06-02 11:25:24,675 [Worker-17: Building] INFO  o.e.m.c.i.embedder.EclipseLogger - Copying 1 resource
2023-06-02 11:25:24,682 [Worker-17: Building] INFO  o.e.m.c.i.embedder.EclipseLogger - Using 'UTF-8' encoding to copy filtered resources.
2023-06-02 11:25:24,682 [Worker-17: Building] INFO  o.e.m.c.i.embedder.EclipseLogger - skip non existing resourceDirectory D:\StuDying\Licenta\recipes-develop\recipes-backend\src\test\resources
2023-06-06 11:25:53,356 [Worker-0: Loading available Gradle versions] INFO  o.e.b.c.i.u.g.PublishedGradleVersions - Gradle version information cache is out-of-date. Trying to update.
2023-06-06 11:42:30,441 [Worker-34: Launching Main] INFO  o.e.m.c.i.embedder.EclipseLogger - Using 'UTF-8' encoding to copy filtered resources.
2023-06-06 11:42:30,443 [Worker-34: Launching Main] INFO  o.e.m.c.i.embedder.EclipseLogger - skip non existing resourceDirectory D:\StuDying\Licenta\recipes-develop\recipes-ui\dist\recipes-ui
2023-06-06 11:42:30,445 [Worker-34: Launching Main] INFO  o.e.m.c.i.embedder.EclipseLogger - Using 'UTF-8' encoding to copy filtered resources.
2023-06-06 11:42:30,447 [Worker-34: Launching Main] INFO  o.e.m.c.i.embedder.EclipseLogger - Copying 1 resource
2023-06-06 11:42:30,459 [Worker-34: Launching Main] INFO  o.e.m.c.i.embedder.EclipseLogger - Using 'UTF-8' encoding to copy filtered resources.
2023-06-06 11:42:30,459 [Worker-34: Launching Main] INFO  o.e.m.c.i.embedder.EclipseLogger - skip non existing resourceDirectory D:\StuDying\Licenta\recipes-develop\recipes-backend\src\test\resources
2023-06-06 11:55:10,858 [Worker-30: Building] INFO  o.e.m.c.i.embedder.EclipseLogger - Using 'UTF-8' encoding to copy filtered resources.
2023-06-06 11:55:10,859 [Worker-30: Building] INFO  o.e.m.c.i.embedder.EclipseLogger - skip non existing resourceDirectory D:\StuDying\Licenta\recipes-develop\recipes-ui\dist\recipes-ui
2023-06-06 11:55:10,861 [Worker-30: Building] INFO  o.e.m.c.i.embedder.EclipseLogger - Using 'UTF-8' encoding to copy filtered resources.
2023-06-06 11:55:10,862 [Worker-30: Building] INFO  o.e.m.c.i.embedder.EclipseLogger - Copying 1 resource
2023-06-06 11:55:10,865 [Worker-30: Building] INFO  o.e.m.c.i.embedder.EclipseLogger - Using 'UTF-8' encoding to copy filtered resources.
2023-06-06 11:55:10,865 [Worker-30: Building] INFO  o.e.m.c.i.embedder.EclipseLogger - skip non existing resourceDirectory D:\StuDying\Licenta\recipes-develop\recipes-backend\src\test\resources
2023-06-06 11:55:15,745 [Worker-34: Building] INFO  o.e.m.c.i.embedder.EclipseLogger - Using 'UTF-8' encoding to copy filtered resources.
2023-06-06 11:55:15,745 [Worker-34: Building] INFO  o.e.m.c.i.embedder.EclipseLogger - skip non existing resourceDirectory D:\StuDying\Licenta\recipes-develop\recipes-ui\dist\recipes-ui
2023-06-06 11:55:15,746 [Worker-34: Building] INFO  o.e.m.c.i.embedder.EclipseLogger - Using 'UTF-8' encoding to copy filtered resources.
2023-06-06 11:55:15,746 [Worker-34: Building] INFO  o.e.m.c.i.embedder.EclipseLogger - Copying 1 resource
2023-06-06 11:55:15,748 [Worker-34: Building] INFO  o.e.m.c.i.embedder.EclipseLogger - Using 'UTF-8' encoding to copy filtered resources.
2023-06-06 11:55:15,748 [Worker-34: Building] INFO  o.e.m.c.i.embedder.EclipseLogger - skip non existing resourceDirectory D:\StuDying\Licenta\recipes-develop\recipes-backend\src\test\resources
2023-06-06 11:55:23,586 [Worker-30: Launching Main] INFO  o.e.m.c.i.embedder.EclipseLogger - Using 'UTF-8' encoding to copy filtered resources.
2023-06-06 11:55:23,586 [Worker-30: Launching Main] INFO  o.e.m.c.i.embedder.EclipseLogger - skip non existing resourceDirectory D:\StuDying\Licenta\recipes-develop\recipes-ui\dist\recipes-ui
2023-06-06 11:55:23,587 [Worker-30: Launching Main] INFO  o.e.m.c.i.embedder.EclipseLogger - Using 'UTF-8' encoding to copy filtered resources.
2023-06-06 11:55:23,588 [Worker-30: Launching Main] INFO  o.e.m.c.i.embedder.EclipseLogger - Copying 1 resource
2023-06-06 11:55:23,589 [Worker-30: Launching Main] INFO  o.e.m.c.i.embedder.EclipseLogger - Using 'UTF-8' encoding to copy filtered resources.
2023-06-06 11:55:23,589 [Worker-30: Launching Main] INFO  o.e.m.c.i.embedder.EclipseLogger - skip non existing resourceDirectory D:\StuDying\Licenta\recipes-develop\recipes-backend\src\test\resources
2023-06-06 12:01:28,181 [Worker-43: Updating Maven Project] INFO  o.e.m.c.i.p.ProjectConfigurationManager - Update started
2023-06-06 12:01:29,752 [Worker-43: Updating Maven Project] INFO  o.e.m.c.i.l.LifecycleMappingFactory - Using org.eclipse.m2e.jdt.JarLifecycleMapping lifecycle mapping for MavenProject: com.siemens.spice:recipes-backend:1.0-SNAPSHOT @ D:\StuDying\Licenta\recipes-develop\recipes-backend\pom.xml.
2023-06-06 12:01:30,003 [Worker-43: Updating Maven Project] INFO  o.e.m.j.i.AbstractJavaProjectConfigurator - Adding source folder /recipes-backend/src/main/java
2023-06-06 12:01:30,004 [Worker-43: Updating Maven Project] INFO  o.e.m.j.i.AbstractJavaProjectConfigurator - Adding resource folder /recipes-backend/src/main/resources
2023-06-06 12:01:30,004 [Worker-43: Updating Maven Project] INFO  o.e.m.j.i.AbstractJavaProjectConfigurator - Adding source folder /recipes-backend/src/test/java
2023-06-06 12:01:30,122 [Worker-43: Updating Maven Project] INFO  o.e.m.c.i.p.ProjectConfigurationManager - Update completed: 1 sec
2023-06-06 12:01:30,650 [Worker-47: Building] INFO  o.e.m.c.i.embedder.EclipseLogger - Using 'UTF-8' encoding to copy filtered resources.
2023-06-06 12:01:30,651 [Worker-47: Building] INFO  o.e.m.c.i.embedder.EclipseLogger - skip non existing resourceDirectory D:\StuDying\Licenta\recipes-develop\recipes-ui\dist\recipes-ui
2023-06-06 12:01:30,652 [Worker-47: Building] INFO  o.e.m.c.i.embedder.EclipseLogger - Using 'UTF-8' encoding to copy filtered resources.
2023-06-06 12:01:30,653 [Worker-47: Building] INFO  o.e.m.c.i.embedder.EclipseLogger - Copying 1 resource
2023-06-06 12:01:30,662 [Worker-47: Building] INFO  o.e.m.c.i.embedder.EclipseLogger - Using 'UTF-8' encoding to copy filtered resources.
2023-06-06 12:01:30,662 [Worker-47: Building] INFO  o.e.m.c.i.embedder.EclipseLogger - skip non existing resourceDirectory D:\StuDying\Licenta\recipes-develop\recipes-backend\src\test\resources
2023-06-06 12:15:06,765 [Worker-53: Building] INFO  o.e.m.c.i.embedder.EclipseLogger - Using 'UTF-8' encoding to copy filtered resources.
2023-06-06 12:15:06,765 [Worker-53: Building] INFO  o.e.m.c.i.embedder.EclipseLogger - skip non existing resourceDirectory D:\StuDying\Licenta\recipes-develop\recipes-ui\dist\recipes-ui
2023-06-06 12:15:06,767 [Worker-53: Building] INFO  o.e.m.c.i.embedder.EclipseLogger - Using 'UTF-8' encoding to copy filtered resources.
2023-06-06 12:15:06,768 [Worker-53: Building] INFO  o.e.m.c.i.embedder.EclipseLogger - Copying 1 resource
2023-06-06 12:15:06,770 [Worker-53: Building] INFO  o.e.m.c.i.embedder.EclipseLogger - Using 'UTF-8' encoding to copy filtered resources.
2023-06-06 12:15:06,771 [Worker-53: Building] INFO  o.e.m.c.i.embedder.EclipseLogger - skip non existing resourceDirectory D:\StuDying\Licenta\recipes-develop\recipes-backend\src\test\resources
2023-06-06 12:20:10,743 [Worker-60: Building] INFO  o.e.m.c.i.embedder.EclipseLogger - Using 'UTF-8' encoding to copy filtered resources.
2023-06-06 12:20:10,743 [Worker-60: Building] INFO  o.e.m.c.i.embedder.EclipseLogger - skip non existing resourceDirectory D:\StuDying\Licenta\recipes-develop\recipes-ui\dist\recipes-ui
2023-06-06 12:20:10,744 [Worker-60: Building] INFO  o.e.m.c.i.embedder.EclipseLogger - Using 'UTF-8' encoding to copy filtered resources.
2023-06-06 12:20:10,744 [Worker-60: Building] INFO  o.e.m.c.i.embedder.EclipseLogger - Copying 1 resource
2023-06-06 12:20:10,745 [Worker-60: Building] INFO  o.e.m.c.i.embedder.EclipseLogger - Using 'UTF-8' encoding to copy filtered resources.
2023-06-06 12:20:10,746 [Worker-60: Building] INFO  o.e.m.c.i.embedder.EclipseLogger - skip non existing resourceDirectory D:\StuDying\Licenta\recipes-develop\recipes-backend\src\test\resources
2023-06-06 12:26:38,366 [Worker-62: Building] INFO  o.e.m.c.i.embedder.EclipseLogger - Using 'UTF-8' encoding to copy filtered resources.
2023-06-06 12:26:38,366 [Worker-62: Building] INFO  o.e.m.c.i.embedder.EclipseLogger - skip non existing resourceDirectory D:\StuDying\Licenta\recipes-develop\recipes-ui\dist\recipes-ui
2023-06-06 12:26:38,367 [Worker-62: Building] INFO  o.e.m.c.i.embedder.EclipseLogger - Using 'UTF-8' encoding to copy filtered resources.
2023-06-06 12:26:38,367 [Worker-62: Building] INFO  o.e.m.c.i.embedder.EclipseLogger - Copying 1 resource
2023-06-06 12:26:38,369 [Worker-62: Building] INFO  o.e.m.c.i.embedder.EclipseLogger - Using 'UTF-8' encoding to copy filtered resources.
2023-06-06 12:26:38,369 [Worker-62: Building] INFO  o.e.m.c.i.embedder.EclipseLogger - skip non existing resourceDirectory D:\StuDying\Licenta\recipes-develop\recipes-backend\src\test\resources
2023-06-06 12:59:35,873 [Worker-71: Building] INFO  o.e.m.c.i.embedder.EclipseLogger - Using 'UTF-8' encoding to copy filtered resources.
2023-06-06 12:59:35,873 [Worker-71: Building] INFO  o.e.m.c.i.embedder.EclipseLogger - skip non existing resourceDirectory D:\StuDying\Licenta\recipes-develop\recipes-ui\dist\recipes-ui
2023-06-06 12:59:35,874 [Worker-71: Building] INFO  o.e.m.c.i.embedder.EclipseLogger - Using 'UTF-8' encoding to copy filtered resources.
2023-06-06 12:59:35,874 [Worker-71: Building] INFO  o.e.m.c.i.embedder.EclipseLogger - Copying 1 resource
2023-06-06 12:59:35,877 [Worker-71: Building] INFO  o.e.m.c.i.embedder.EclipseLogger - Using 'UTF-8' encoding to copy filtered resources.
2023-06-06 12:59:35,878 [Worker-71: Building] INFO  o.e.m.c.i.embedder.EclipseLogger - skip non existing resourceDirectory D:\StuDying\Licenta\recipes-develop\recipes-backend\src\test\resources
2023-06-06 12:59:47,611 [Worker-70: Updating Maven Project] INFO  o.e.m.c.i.p.ProjectConfigurationManager - Update started
2023-06-06 12:59:48,037 [Worker-70: Updating Maven Project] INFO  o.e.m.c.i.l.LifecycleMappingFactory - Using org.eclipse.m2e.jdt.JarLifecycleMapping lifecycle mapping for MavenProject: com.siemens.spice:recipes-backend:1.0-SNAPSHOT @ D:\StuDying\Licenta\recipes-develop\recipes-backend\pom.xml.
2023-06-06 12:59:48,282 [Worker-70: Updating Maven Project] INFO  o.e.m.j.i.AbstractJavaProjectConfigurator - Adding source folder /recipes-backend/src/main/java
2023-06-06 12:59:48,282 [Worker-70: Updating Maven Project] INFO  o.e.m.j.i.AbstractJavaProjectConfigurator - Adding resource folder /recipes-backend/src/main/resources
2023-06-06 12:59:48,283 [Worker-70: Updating Maven Project] INFO  o.e.m.j.i.AbstractJavaProjectConfigurator - Adding source folder /recipes-backend/src/test/java
2023-06-06 12:59:48,391 [Worker-70: Updating Maven Project] INFO  o.e.m.c.i.p.ProjectConfigurationManager - Update completed: 0 sec
2023-06-06 12:59:48,885 [Worker-64: Building] INFO  o.e.m.c.i.embedder.EclipseLogger - Using 'UTF-8' encoding to copy filtered resources.
2023-06-06 12:59:48,885 [Worker-64: Building] INFO  o.e.m.c.i.embedder.EclipseLogger - skip non existing resourceDirectory D:\StuDying\Licenta\recipes-develop\recipes-ui\dist\recipes-ui
2023-06-06 12:59:48,887 [Worker-64: Building] INFO  o.e.m.c.i.embedder.EclipseLogger - Using 'UTF-8' encoding to copy filtered resources.
2023-06-06 12:59:48,887 [Worker-64: Building] INFO  o.e.m.c.i.embedder.EclipseLogger - Copying 1 resource
2023-06-06 12:59:48,896 [Worker-64: Building] INFO  o.e.m.c.i.embedder.EclipseLogger - Using 'UTF-8' encoding to copy filtered resources.
2023-06-06 12:59:48,896 [Worker-64: Building] INFO  o.e.m.c.i.embedder.EclipseLogger - skip non existing resourceDirectory D:\StuDying\Licenta\recipes-develop\recipes-backend\src\test\resources
2023-06-06 13:00:32,641 [Worker-72: Building] INFO  o.e.m.c.i.embedder.EclipseLogger - Using 'UTF-8' encoding to copy filtered resources.
2023-06-06 13:00:32,641 [Worker-72: Building] INFO  o.e.m.c.i.embedder.EclipseLogger - skip non existing resourceDirectory D:\StuDying\Licenta\recipes-develop\recipes-ui\dist\recipes-ui
2023-06-06 13:00:32,642 [Worker-72: Building] INFO  o.e.m.c.i.embedder.EclipseLogger - Using 'UTF-8' encoding to copy filtered resources.
2023-06-06 13:00:32,643 [Worker-72: Building] INFO  o.e.m.c.i.embedder.EclipseLogger - Copying 1 resource
2023-06-06 13:00:32,646 [Worker-72: Building] INFO  o.e.m.c.i.embedder.EclipseLogger - Using 'UTF-8' encoding to copy filtered resources.
2023-06-06 13:00:32,646 [Worker-72: Building] INFO  o.e.m.c.i.embedder.EclipseLogger - skip non existing resourceDirectory D:\StuDying\Licenta\recipes-develop\recipes-backend\src\test\resources
2023-06-06 13:06:25,588 [Worker-66: Launching Main] INFO  o.e.m.c.i.embedder.EclipseLogger - Using 'UTF-8' encoding to copy filtered resources.
2023-06-06 13:06:25,588 [Worker-66: Launching Main] INFO  o.e.m.c.i.embedder.EclipseLogger - skip non existing resourceDirectory D:\StuDying\Licenta\recipes-develop\recipes-ui\dist\recipes-ui
2023-06-06 13:06:25,589 [Worker-66: Launching Main] INFO  o.e.m.c.i.embedder.EclipseLogger - Using 'UTF-8' encoding to copy filtered resources.
2023-06-06 13:06:25,589 [Worker-66: Launching Main] INFO  o.e.m.c.i.embedder.EclipseLogger - Copying 1 resource
2023-06-06 13:06:25,591 [Worker-66: Launching Main] INFO  o.e.m.c.i.embedder.EclipseLogger - Using 'UTF-8' encoding to copy filtered resources.
2023-06-06 13:06:25,591 [Worker-66: Launching Main] INFO  o.e.m.c.i.embedder.EclipseLogger - skip non existing resourceDirectory D:\StuDying\Licenta\recipes-develop\recipes-backend\src\test\resources
2023-06-06 13:09:36,257 [Worker-77: Building] INFO  o.e.m.c.i.embedder.EclipseLogger - Using 'UTF-8' encoding to copy filtered resources.
2023-06-06 13:09:36,257 [Worker-77: Building] INFO  o.e.m.c.i.embedder.EclipseLogger - skip non existing resourceDirectory D:\StuDying\Licenta\recipes-develop\recipes-ui\dist\recipes-ui
2023-06-06 13:09:36,258 [Worker-77: Building] INFO  o.e.m.c.i.embedder.EclipseLogger - Using 'UTF-8' encoding to copy filtered resources.
2023-06-06 13:09:36,259 [Worker-77: Building] INFO  o.e.m.c.i.embedder.EclipseLogger - Copying 1 resource
2023-06-06 13:09:36,261 [Worker-77: Building] INFO  o.e.m.c.i.embedder.EclipseLogger - Using 'UTF-8' encoding to copy filtered resources.
2023-06-06 13:09:36,261 [Worker-77: Building] INFO  o.e.m.c.i.embedder.EclipseLogger - skip non existing resourceDirectory D:\StuDying\Licenta\recipes-develop\recipes-backend\src\test\resources
2023-06-06 13:09:55,071 [Worker-77: Building] INFO  o.e.m.c.i.embedder.EclipseLogger - Using 'UTF-8' encoding to copy filtered resources.
2023-06-06 13:09:55,071 [Worker-77: Building] INFO  o.e.m.c.i.embedder.EclipseLogger - skip non existing resourceDirectory D:\StuDying\Licenta\recipes-develop\recipes-ui\dist\recipes-ui
2023-06-06 13:09:55,072 [Worker-77: Building] INFO  o.e.m.c.i.embedder.EclipseLogger - Using 'UTF-8' encoding to copy filtered resources.
2023-06-06 13:09:55,072 [Worker-77: Building] INFO  o.e.m.c.i.embedder.EclipseLogger - Copying 1 resource
2023-06-06 13:09:55,074 [Worker-77: Building] INFO  o.e.m.c.i.embedder.EclipseLogger - Using 'UTF-8' encoding to copy filtered resources.
2023-06-06 13:09:55,074 [Worker-77: Building] INFO  o.e.m.c.i.embedder.EclipseLogger - skip non existing resourceDirectory D:\StuDying\Licenta\recipes-develop\recipes-backend\src\test\resources
